{"C:\\Users\\tmarn\\Projects\\TsWorkflow\\examples\\workflow1.ts": {"path":"C:\\Users\\tmarn\\Projects\\TsWorkflow\\examples\\workflow1.ts","statementMap":{"0":{"start":{"line":1,"column":0},"end":{"line":1,"column":43}},"1":{"start":{"line":4,"column":0},"end":{"line":4,"column":51}},"2":{"start":{"line":8,"column":8},"end":{"line":8,"column":76}},"3":{"start":{"line":14,"column":8},"end":{"line":14,"column":77}},"4":{"start":{"line":20,"column":8},"end":{"line":20,"column":74}},"5":{"start":{"line":26,"column":8},"end":{"line":26,"column":64}},"6":{"start":{"line":32,"column":8},"end":{"line":32,"column":47}},"7":{"start":{"line":38,"column":8},"end":{"line":38,"column":39}},"8":{"start":{"line":46,"column":11},"end":{"line":46,"column":null}},"9":{"start":{"line":47,"column":11},"end":{"line":47,"column":33}},"10":{"start":{"line":50,"column":8},"end":{"line":60,"column":31}},"11":{"start":{"line":51,"column":21},"end":{"line":51,"column":28}},"12":{"start":{"line":53,"column":25},"end":{"line":53,"column":32}},"13":{"start":{"line":55,"column":25},"end":{"line":55,"column":32}},"14":{"start":{"line":45,"column":0},"end":{"line":45,"column":13}}},"fnMap":{"0":{"name":"(anonymous_0)","decl":{"start":{"line":7,"column":11},"end":{"line":7,"column":14}},"loc":{"start":{"line":7,"column":70},"end":{"line":9,"column":5}}},"1":{"name":"(anonymous_1)","decl":{"start":{"line":13,"column":11},"end":{"line":13,"column":14}},"loc":{"start":{"line":13,"column":26},"end":{"line":15,"column":5}}},"2":{"name":"(anonymous_2)","decl":{"start":{"line":19,"column":11},"end":{"line":19,"column":14}},"loc":{"start":{"line":19,"column":26},"end":{"line":21,"column":5}}},"3":{"name":"(anonymous_3)","decl":{"start":{"line":25,"column":11},"end":{"line":25,"column":14}},"loc":{"start":{"line":25,"column":26},"end":{"line":27,"column":5}}},"4":{"name":"(anonymous_4)","decl":{"start":{"line":31,"column":11},"end":{"line":31,"column":14}},"loc":{"start":{"line":31,"column":26},"end":{"line":33,"column":5}}},"5":{"name":"(anonymous_5)","decl":{"start":{"line":37,"column":11},"end":{"line":37,"column":14}},"loc":{"start":{"line":37,"column":29},"end":{"line":39,"column":5}}},"6":{"name":"(anonymous_6)","decl":{"start":{"line":45,"column":0},"end":{"line":45,"column":13}},"loc":{"start":{"line":45,"column":0},"end":{"line":62,"column":1}}},"7":{"name":"(anonymous_7)","decl":{"start":{"line":49,"column":11},"end":{"line":49,"column":16}},"loc":{"start":{"line":49,"column":68},"end":{"line":61,"column":5}}},"8":{"name":"(anonymous_8)","decl":{"start":{"line":51,"column":16},"end":{"line":51,"column":17}},"loc":{"start":{"line":51,"column":21},"end":{"line":51,"column":28}}},"9":{"name":"(anonymous_9)","decl":{"start":{"line":53,"column":20},"end":{"line":53,"column":21}},"loc":{"start":{"line":53,"column":25},"end":{"line":53,"column":32}}},"10":{"name":"(anonymous_10)","decl":{"start":{"line":55,"column":20},"end":{"line":55,"column":21}},"loc":{"start":{"line":55,"column":25},"end":{"line":55,"column":32}}}},"branchMap":{"0":{"loc":{"start":{"line":8,"column":31},"end":{"line":8,"column":74}},"type":"cond-expr","locations":[{"start":{"line":8,"column":52},"end":{"line":8,"column":70}},{"start":{"line":8,"column":73},"end":{"line":8,"column":74}}]},"1":{"loc":{"start":{"line":8,"column":31},"end":{"line":8,"column":49}},"type":"cond-expr","locations":[{"start":{"line":8,"column":44},"end":{"line":8,"column":46}},{"start":{"line":8,"column":44},"end":{"line":8,"column":49}}]},"2":{"loc":{"start":{"line":8,"column":31},"end":{"line":8,"column":46}},"type":"binary-expr","locations":[{"start":{"line":8,"column":31},"end":{"line":8,"column":46}},{"start":{"line":8,"column":44},"end":{"line":8,"column":46}}]},"3":{"loc":{"start":{"line":8,"column":31},"end":{"line":8,"column":44}},"type":"cond-expr","locations":[{"start":{"line":8,"column":38},"end":{"line":8,"column":40}},{"start":{"line":8,"column":31},"end":{"line":8,"column":44}}]},"4":{"loc":{"start":{"line":8,"column":31},"end":{"line":8,"column":40}},"type":"binary-expr","locations":[{"start":{"line":8,"column":31},"end":{"line":8,"column":40}},{"start":{"line":8,"column":31},"end":{"line":8,"column":40}}]}},"s":{"0":1,"1":1,"2":3,"3":1,"4":1,"5":1,"6":3,"7":5,"8":3,"9":3,"10":3,"11":3,"12":3,"13":3,"14":1},"f":{"0":3,"1":1,"2":1,"3":1,"4":3,"5":5,"6":3,"7":3,"8":3,"9":3,"10":3},"b":{"0":[3,0],"1":[0,3],"2":[3,3],"3":[0,3],"4":[3,3]}}
,"C:\\Users\\tmarn\\Projects\\TsWorkflow\\examples\\workflow2.ts": {"path":"C:\\Users\\tmarn\\Projects\\TsWorkflow\\examples\\workflow2.ts","statementMap":{"0":{"start":{"line":1,"column":0},"end":{"line":1,"column":43}},"1":{"start":{"line":4,"column":0},"end":{"line":4,"column":51}},"2":{"start":{"line":8,"column":8},"end":{"line":8,"column":91}},"3":{"start":{"line":8,"column":67},"end":{"line":8,"column":91}},"4":{"start":{"line":10,"column":8},"end":{"line":18,"column":11}},"5":{"start":{"line":11,"column":12},"end":{"line":17,"column":20}},"6":{"start":{"line":12,"column":16},"end":{"line":16,"column":null}},"7":{"start":{"line":13,"column":20},"end":{"line":13,"column":29}},"8":{"start":{"line":15,"column":20},"end":{"line":15,"column":30}},"9":{"start":{"line":24,"column":8},"end":{"line":24,"column":91}},"10":{"start":{"line":24,"column":67},"end":{"line":24,"column":91}},"11":{"start":{"line":26,"column":8},"end":{"line":34,"column":11}},"12":{"start":{"line":27,"column":12},"end":{"line":33,"column":20}},"13":{"start":{"line":28,"column":16},"end":{"line":32,"column":null}},"14":{"start":{"line":29,"column":20},"end":{"line":29,"column":29}},"15":{"start":{"line":31,"column":20},"end":{"line":31,"column":30}},"16":{"start":{"line":40,"column":8},"end":{"line":40,"column":91}},"17":{"start":{"line":40,"column":67},"end":{"line":40,"column":91}},"18":{"start":{"line":42,"column":8},"end":{"line":50,"column":11}},"19":{"start":{"line":43,"column":12},"end":{"line":49,"column":20}},"20":{"start":{"line":44,"column":16},"end":{"line":48,"column":null}},"21":{"start":{"line":45,"column":20},"end":{"line":45,"column":29}},"22":{"start":{"line":47,"column":20},"end":{"line":47,"column":30}},"23":{"start":{"line":56,"column":8},"end":{"line":56,"column":91}},"24":{"start":{"line":56,"column":67},"end":{"line":56,"column":91}},"25":{"start":{"line":58,"column":8},"end":{"line":66,"column":11}},"26":{"start":{"line":59,"column":12},"end":{"line":65,"column":20}},"27":{"start":{"line":60,"column":16},"end":{"line":64,"column":null}},"28":{"start":{"line":61,"column":20},"end":{"line":61,"column":29}},"29":{"start":{"line":63,"column":20},"end":{"line":63,"column":30}},"30":{"start":{"line":71,"column":11},"end":{"line":71,"column":null}},"31":{"start":{"line":72,"column":11},"end":{"line":72,"column":33}},"32":{"start":{"line":75,"column":8},"end":{"line":83,"column":29}},"33":{"start":{"line":70,"column":0},"end":{"line":70,"column":13}}},"fnMap":{"0":{"name":"(anonymous_0)","decl":{"start":{"line":7,"column":11},"end":{"line":7,"column":14}},"loc":{"start":{"line":7,"column":59},"end":{"line":19,"column":5}}},"1":{"name":"(anonymous_1)","decl":{"start":{"line":10,"column":27},"end":{"line":10,"column":28}},"loc":{"start":{"line":10,"column":47},"end":{"line":18,"column":9}}},"2":{"name":"(anonymous_2)","decl":{"start":{"line":11,"column":23},"end":{"line":11,"column":26}},"loc":{"start":{"line":11,"column":28},"end":{"line":17,"column":13}}},"3":{"name":"(anonymous_3)","decl":{"start":{"line":23,"column":11},"end":{"line":23,"column":14}},"loc":{"start":{"line":23,"column":59},"end":{"line":35,"column":5}}},"4":{"name":"(anonymous_4)","decl":{"start":{"line":26,"column":27},"end":{"line":26,"column":28}},"loc":{"start":{"line":26,"column":47},"end":{"line":34,"column":9}}},"5":{"name":"(anonymous_5)","decl":{"start":{"line":27,"column":23},"end":{"line":27,"column":26}},"loc":{"start":{"line":27,"column":28},"end":{"line":33,"column":13}}},"6":{"name":"(anonymous_6)","decl":{"start":{"line":39,"column":11},"end":{"line":39,"column":14}},"loc":{"start":{"line":39,"column":59},"end":{"line":51,"column":5}}},"7":{"name":"(anonymous_7)","decl":{"start":{"line":42,"column":27},"end":{"line":42,"column":28}},"loc":{"start":{"line":42,"column":47},"end":{"line":50,"column":9}}},"8":{"name":"(anonymous_8)","decl":{"start":{"line":43,"column":23},"end":{"line":43,"column":26}},"loc":{"start":{"line":43,"column":28},"end":{"line":49,"column":13}}},"9":{"name":"(anonymous_9)","decl":{"start":{"line":55,"column":11},"end":{"line":55,"column":14}},"loc":{"start":{"line":55,"column":59},"end":{"line":67,"column":5}}},"10":{"name":"(anonymous_10)","decl":{"start":{"line":58,"column":27},"end":{"line":58,"column":28}},"loc":{"start":{"line":58,"column":47},"end":{"line":66,"column":9}}},"11":{"name":"(anonymous_11)","decl":{"start":{"line":59,"column":23},"end":{"line":59,"column":26}},"loc":{"start":{"line":59,"column":28},"end":{"line":65,"column":13}}},"12":{"name":"(anonymous_12)","decl":{"start":{"line":70,"column":0},"end":{"line":70,"column":13}},"loc":{"start":{"line":70,"column":0},"end":{"line":85,"column":1}}},"13":{"name":"(anonymous_13)","decl":{"start":{"line":74,"column":11},"end":{"line":74,"column":16}},"loc":{"start":{"line":74,"column":54},"end":{"line":84,"column":5}}}},"branchMap":{"0":{"loc":{"start":{"line":8,"column":8},"end":{"line":8,"column":91}},"type":"if","locations":[{"start":{"line":8,"column":8},"end":{"line":8,"column":91}}]},"1":{"loc":{"start":{"line":8,"column":12},"end":{"line":8,"column":65}},"type":"cond-expr","locations":[{"start":{"line":8,"column":44},"end":{"line":8,"column":46}},{"start":{"line":8,"column":44},"end":{"line":8,"column":65}}]},"2":{"loc":{"start":{"line":8,"column":12},"end":{"line":8,"column":46}},"type":"binary-expr","locations":[{"start":{"line":8,"column":12},"end":{"line":8,"column":46}},{"start":{"line":8,"column":44},"end":{"line":8,"column":46}}]},"3":{"loc":{"start":{"line":8,"column":12},"end":{"line":8,"column":44}},"type":"cond-expr","locations":[{"start":{"line":8,"column":19},"end":{"line":8,"column":21}},{"start":{"line":8,"column":12},"end":{"line":8,"column":44}}]},"4":{"loc":{"start":{"line":8,"column":12},"end":{"line":8,"column":21}},"type":"binary-expr","locations":[{"start":{"line":8,"column":12},"end":{"line":8,"column":21}},{"start":{"line":8,"column":12},"end":{"line":8,"column":21}}]},"5":{"loc":{"start":{"line":12,"column":16},"end":{"line":16,"column":null}},"type":"if","locations":[{"start":{"line":12,"column":16},"end":{"line":16,"column":null}},{"start":{"line":14,"column":23},"end":{"line":16,"column":null}}]},"6":{"loc":{"start":{"line":12,"column":20},"end":{"line":12,"column":73}},"type":"cond-expr","locations":[{"start":{"line":12,"column":52},"end":{"line":12,"column":54}},{"start":{"line":12,"column":52},"end":{"line":12,"column":73}}]},"7":{"loc":{"start":{"line":12,"column":20},"end":{"line":12,"column":54}},"type":"binary-expr","locations":[{"start":{"line":12,"column":20},"end":{"line":12,"column":54}},{"start":{"line":12,"column":52},"end":{"line":12,"column":54}}]},"8":{"loc":{"start":{"line":12,"column":20},"end":{"line":12,"column":52}},"type":"cond-expr","locations":[{"start":{"line":12,"column":27},"end":{"line":12,"column":29}},{"start":{"line":12,"column":20},"end":{"line":12,"column":52}}]},"9":{"loc":{"start":{"line":12,"column":20},"end":{"line":12,"column":29}},"type":"binary-expr","locations":[{"start":{"line":12,"column":20},"end":{"line":12,"column":29}},{"start":{"line":12,"column":20},"end":{"line":12,"column":29}}]},"10":{"loc":{"start":{"line":24,"column":8},"end":{"line":24,"column":91}},"type":"if","locations":[{"start":{"line":24,"column":8},"end":{"line":24,"column":91}}]},"11":{"loc":{"start":{"line":24,"column":12},"end":{"line":24,"column":65}},"type":"cond-expr","locations":[{"start":{"line":24,"column":44},"end":{"line":24,"column":46}},{"start":{"line":24,"column":44},"end":{"line":24,"column":65}}]},"12":{"loc":{"start":{"line":24,"column":12},"end":{"line":24,"column":46}},"type":"binary-expr","locations":[{"start":{"line":24,"column":12},"end":{"line":24,"column":46}},{"start":{"line":24,"column":44},"end":{"line":24,"column":46}}]},"13":{"loc":{"start":{"line":24,"column":12},"end":{"line":24,"column":44}},"type":"cond-expr","locations":[{"start":{"line":24,"column":19},"end":{"line":24,"column":21}},{"start":{"line":24,"column":12},"end":{"line":24,"column":44}}]},"14":{"loc":{"start":{"line":24,"column":12},"end":{"line":24,"column":21}},"type":"binary-expr","locations":[{"start":{"line":24,"column":12},"end":{"line":24,"column":21}},{"start":{"line":24,"column":12},"end":{"line":24,"column":21}}]},"15":{"loc":{"start":{"line":28,"column":16},"end":{"line":32,"column":null}},"type":"if","locations":[{"start":{"line":28,"column":16},"end":{"line":32,"column":null}},{"start":{"line":30,"column":23},"end":{"line":32,"column":null}}]},"16":{"loc":{"start":{"line":28,"column":20},"end":{"line":28,"column":73}},"type":"cond-expr","locations":[{"start":{"line":28,"column":52},"end":{"line":28,"column":54}},{"start":{"line":28,"column":52},"end":{"line":28,"column":73}}]},"17":{"loc":{"start":{"line":28,"column":20},"end":{"line":28,"column":54}},"type":"binary-expr","locations":[{"start":{"line":28,"column":20},"end":{"line":28,"column":54}},{"start":{"line":28,"column":52},"end":{"line":28,"column":54}}]},"18":{"loc":{"start":{"line":28,"column":20},"end":{"line":28,"column":52}},"type":"cond-expr","locations":[{"start":{"line":28,"column":27},"end":{"line":28,"column":29}},{"start":{"line":28,"column":20},"end":{"line":28,"column":52}}]},"19":{"loc":{"start":{"line":28,"column":20},"end":{"line":28,"column":29}},"type":"binary-expr","locations":[{"start":{"line":28,"column":20},"end":{"line":28,"column":29}},{"start":{"line":28,"column":20},"end":{"line":28,"column":29}}]},"20":{"loc":{"start":{"line":40,"column":8},"end":{"line":40,"column":91}},"type":"if","locations":[{"start":{"line":40,"column":8},"end":{"line":40,"column":91}}]},"21":{"loc":{"start":{"line":40,"column":12},"end":{"line":40,"column":65}},"type":"cond-expr","locations":[{"start":{"line":40,"column":44},"end":{"line":40,"column":46}},{"start":{"line":40,"column":44},"end":{"line":40,"column":65}}]},"22":{"loc":{"start":{"line":40,"column":12},"end":{"line":40,"column":46}},"type":"binary-expr","locations":[{"start":{"line":40,"column":12},"end":{"line":40,"column":46}},{"start":{"line":40,"column":44},"end":{"line":40,"column":46}}]},"23":{"loc":{"start":{"line":40,"column":12},"end":{"line":40,"column":44}},"type":"cond-expr","locations":[{"start":{"line":40,"column":19},"end":{"line":40,"column":21}},{"start":{"line":40,"column":12},"end":{"line":40,"column":44}}]},"24":{"loc":{"start":{"line":40,"column":12},"end":{"line":40,"column":21}},"type":"binary-expr","locations":[{"start":{"line":40,"column":12},"end":{"line":40,"column":21}},{"start":{"line":40,"column":12},"end":{"line":40,"column":21}}]},"25":{"loc":{"start":{"line":44,"column":16},"end":{"line":48,"column":null}},"type":"if","locations":[{"start":{"line":44,"column":16},"end":{"line":48,"column":null}},{"start":{"line":46,"column":23},"end":{"line":48,"column":null}}]},"26":{"loc":{"start":{"line":44,"column":20},"end":{"line":44,"column":73}},"type":"cond-expr","locations":[{"start":{"line":44,"column":52},"end":{"line":44,"column":54}},{"start":{"line":44,"column":52},"end":{"line":44,"column":73}}]},"27":{"loc":{"start":{"line":44,"column":20},"end":{"line":44,"column":54}},"type":"binary-expr","locations":[{"start":{"line":44,"column":20},"end":{"line":44,"column":54}},{"start":{"line":44,"column":52},"end":{"line":44,"column":54}}]},"28":{"loc":{"start":{"line":44,"column":20},"end":{"line":44,"column":52}},"type":"cond-expr","locations":[{"start":{"line":44,"column":27},"end":{"line":44,"column":29}},{"start":{"line":44,"column":20},"end":{"line":44,"column":52}}]},"29":{"loc":{"start":{"line":44,"column":20},"end":{"line":44,"column":29}},"type":"binary-expr","locations":[{"start":{"line":44,"column":20},"end":{"line":44,"column":29}},{"start":{"line":44,"column":20},"end":{"line":44,"column":29}}]},"30":{"loc":{"start":{"line":56,"column":8},"end":{"line":56,"column":91}},"type":"if","locations":[{"start":{"line":56,"column":8},"end":{"line":56,"column":91}}]},"31":{"loc":{"start":{"line":56,"column":12},"end":{"line":56,"column":65}},"type":"cond-expr","locations":[{"start":{"line":56,"column":44},"end":{"line":56,"column":46}},{"start":{"line":56,"column":44},"end":{"line":56,"column":65}}]},"32":{"loc":{"start":{"line":56,"column":12},"end":{"line":56,"column":46}},"type":"binary-expr","locations":[{"start":{"line":56,"column":12},"end":{"line":56,"column":46}},{"start":{"line":56,"column":44},"end":{"line":56,"column":46}}]},"33":{"loc":{"start":{"line":56,"column":12},"end":{"line":56,"column":44}},"type":"cond-expr","locations":[{"start":{"line":56,"column":19},"end":{"line":56,"column":21}},{"start":{"line":56,"column":12},"end":{"line":56,"column":44}}]},"34":{"loc":{"start":{"line":56,"column":12},"end":{"line":56,"column":21}},"type":"binary-expr","locations":[{"start":{"line":56,"column":12},"end":{"line":56,"column":21}},{"start":{"line":56,"column":12},"end":{"line":56,"column":21}}]},"35":{"loc":{"start":{"line":60,"column":16},"end":{"line":64,"column":null}},"type":"if","locations":[{"start":{"line":60,"column":16},"end":{"line":64,"column":null}},{"start":{"line":62,"column":23},"end":{"line":64,"column":null}}]},"36":{"loc":{"start":{"line":60,"column":20},"end":{"line":60,"column":73}},"type":"cond-expr","locations":[{"start":{"line":60,"column":52},"end":{"line":60,"column":54}},{"start":{"line":60,"column":52},"end":{"line":60,"column":73}}]},"37":{"loc":{"start":{"line":60,"column":20},"end":{"line":60,"column":54}},"type":"binary-expr","locations":[{"start":{"line":60,"column":20},"end":{"line":60,"column":54}},{"start":{"line":60,"column":52},"end":{"line":60,"column":54}}]},"38":{"loc":{"start":{"line":60,"column":20},"end":{"line":60,"column":52}},"type":"cond-expr","locations":[{"start":{"line":60,"column":27},"end":{"line":60,"column":29}},{"start":{"line":60,"column":20},"end":{"line":60,"column":52}}]},"39":{"loc":{"start":{"line":60,"column":20},"end":{"line":60,"column":29}},"type":"binary-expr","locations":[{"start":{"line":60,"column":20},"end":{"line":60,"column":29}},{"start":{"line":60,"column":20},"end":{"line":60,"column":29}}]}},"s":{"0":1,"1":1,"2":1,"3":0,"4":1,"5":1,"6":1,"7":0,"8":1,"9":1,"10":0,"11":1,"12":1,"13":1,"14":0,"15":1,"16":1,"17":0,"18":1,"19":1,"20":1,"21":0,"22":1,"23":1,"24":0,"25":1,"26":1,"27":1,"28":0,"29":1,"30":1,"31":1,"32":1,"33":1},"f":{"0":1,"1":1,"2":1,"3":1,"4":1,"5":1,"6":1,"7":1,"8":1,"9":1,"10":1,"11":1,"12":1,"13":1},"b":{"0":[0],"1":[0,1],"2":[1,1],"3":[0,1],"4":[1,1],"5":[0,1],"6":[0,1],"7":[1,1],"8":[0,1],"9":[1,1],"10":[0],"11":[0,1],"12":[1,1],"13":[0,1],"14":[1,1],"15":[0,1],"16":[0,1],"17":[1,1],"18":[0,1],"19":[1,1],"20":[0],"21":[0,1],"22":[1,1],"23":[0,1],"24":[1,1],"25":[0,1],"26":[0,1],"27":[1,1],"28":[0,1],"29":[1,1],"30":[0],"31":[0,1],"32":[1,1],"33":[0,1],"34":[1,1],"35":[0,1],"36":[0,1],"37":[1,1],"38":[0,1],"39":[1,1]}}
,"C:\\Users\\tmarn\\Projects\\TsWorkflow\\examples\\workflow3.ts": {"path":"C:\\Users\\tmarn\\Projects\\TsWorkflow\\examples\\workflow3.ts","statementMap":{"0":{"start":{"line":1,"column":0},"end":{"line":1,"column":43}},"1":{"start":{"line":5,"column":0},"end":{"line":5,"column":51}},"2":{"start":{"line":9,"column":8},"end":{"line":9,"column":91}},"3":{"start":{"line":9,"column":67},"end":{"line":9,"column":91}},"4":{"start":{"line":11,"column":8},"end":{"line":15,"column":11}},"5":{"start":{"line":12,"column":12},"end":{"line":14,"column":21}},"6":{"start":{"line":13,"column":16},"end":{"line":13,"column":41}},"7":{"start":{"line":21,"column":8},"end":{"line":21,"column":91}},"8":{"start":{"line":21,"column":67},"end":{"line":21,"column":91}},"9":{"start":{"line":23,"column":8},"end":{"line":31,"column":11}},"10":{"start":{"line":24,"column":12},"end":{"line":30,"column":21}},"11":{"start":{"line":25,"column":16},"end":{"line":29,"column":null}},"12":{"start":{"line":26,"column":20},"end":{"line":26,"column":29}},"13":{"start":{"line":28,"column":20},"end":{"line":28,"column":30}},"14":{"start":{"line":37,"column":8},"end":{"line":41,"column":11}},"15":{"start":{"line":38,"column":12},"end":{"line":40,"column":21}},"16":{"start":{"line":39,"column":16},"end":{"line":39,"column":42}},"17":{"start":{"line":47,"column":11},"end":{"line":47,"column":null}},"18":{"start":{"line":48,"column":11},"end":{"line":48,"column":33}},"19":{"start":{"line":51,"column":8},"end":{"line":54,"column":29}},"20":{"start":{"line":46,"column":0},"end":{"line":46,"column":13}}},"fnMap":{"0":{"name":"(anonymous_0)","decl":{"start":{"line":8,"column":11},"end":{"line":8,"column":14}},"loc":{"start":{"line":8,"column":59},"end":{"line":16,"column":5}}},"1":{"name":"(anonymous_1)","decl":{"start":{"line":11,"column":27},"end":{"line":11,"column":28}},"loc":{"start":{"line":11,"column":47},"end":{"line":15,"column":9}}},"2":{"name":"(anonymous_2)","decl":{"start":{"line":12,"column":23},"end":{"line":12,"column":26}},"loc":{"start":{"line":12,"column":28},"end":{"line":14,"column":13}}},"3":{"name":"(anonymous_3)","decl":{"start":{"line":20,"column":11},"end":{"line":20,"column":14}},"loc":{"start":{"line":20,"column":59},"end":{"line":32,"column":5}}},"4":{"name":"(anonymous_4)","decl":{"start":{"line":23,"column":27},"end":{"line":23,"column":28}},"loc":{"start":{"line":23,"column":47},"end":{"line":31,"column":9}}},"5":{"name":"(anonymous_5)","decl":{"start":{"line":24,"column":23},"end":{"line":24,"column":26}},"loc":{"start":{"line":24,"column":28},"end":{"line":30,"column":13}}},"6":{"name":"(anonymous_6)","decl":{"start":{"line":36,"column":11},"end":{"line":36,"column":14}},"loc":{"start":{"line":36,"column":68},"end":{"line":42,"column":5}}},"7":{"name":"(anonymous_7)","decl":{"start":{"line":37,"column":27},"end":{"line":37,"column":28}},"loc":{"start":{"line":37,"column":39},"end":{"line":41,"column":9}}},"8":{"name":"(anonymous_8)","decl":{"start":{"line":38,"column":23},"end":{"line":38,"column":26}},"loc":{"start":{"line":38,"column":28},"end":{"line":40,"column":13}}},"9":{"name":"(anonymous_9)","decl":{"start":{"line":46,"column":0},"end":{"line":46,"column":13}},"loc":{"start":{"line":46,"column":0},"end":{"line":56,"column":1}}},"10":{"name":"(anonymous_10)","decl":{"start":{"line":50,"column":11},"end":{"line":50,"column":16}},"loc":{"start":{"line":50,"column":54},"end":{"line":55,"column":5}}}},"branchMap":{"0":{"loc":{"start":{"line":9,"column":8},"end":{"line":9,"column":91}},"type":"if","locations":[{"start":{"line":9,"column":8},"end":{"line":9,"column":91}}]},"1":{"loc":{"start":{"line":9,"column":12},"end":{"line":9,"column":65}},"type":"cond-expr","locations":[{"start":{"line":9,"column":44},"end":{"line":9,"column":46}},{"start":{"line":9,"column":44},"end":{"line":9,"column":65}}]},"2":{"loc":{"start":{"line":9,"column":12},"end":{"line":9,"column":46}},"type":"binary-expr","locations":[{"start":{"line":9,"column":12},"end":{"line":9,"column":46}},{"start":{"line":9,"column":44},"end":{"line":9,"column":46}}]},"3":{"loc":{"start":{"line":9,"column":12},"end":{"line":9,"column":44}},"type":"cond-expr","locations":[{"start":{"line":9,"column":19},"end":{"line":9,"column":21}},{"start":{"line":9,"column":12},"end":{"line":9,"column":44}}]},"4":{"loc":{"start":{"line":9,"column":12},"end":{"line":9,"column":21}},"type":"binary-expr","locations":[{"start":{"line":9,"column":12},"end":{"line":9,"column":21}},{"start":{"line":9,"column":12},"end":{"line":9,"column":21}}]},"5":{"loc":{"start":{"line":21,"column":8},"end":{"line":21,"column":91}},"type":"if","locations":[{"start":{"line":21,"column":8},"end":{"line":21,"column":91}}]},"6":{"loc":{"start":{"line":21,"column":12},"end":{"line":21,"column":65}},"type":"cond-expr","locations":[{"start":{"line":21,"column":44},"end":{"line":21,"column":46}},{"start":{"line":21,"column":44},"end":{"line":21,"column":65}}]},"7":{"loc":{"start":{"line":21,"column":12},"end":{"line":21,"column":46}},"type":"binary-expr","locations":[{"start":{"line":21,"column":12},"end":{"line":21,"column":46}},{"start":{"line":21,"column":44},"end":{"line":21,"column":46}}]},"8":{"loc":{"start":{"line":21,"column":12},"end":{"line":21,"column":44}},"type":"cond-expr","locations":[{"start":{"line":21,"column":19},"end":{"line":21,"column":21}},{"start":{"line":21,"column":12},"end":{"line":21,"column":44}}]},"9":{"loc":{"start":{"line":21,"column":12},"end":{"line":21,"column":21}},"type":"binary-expr","locations":[{"start":{"line":21,"column":12},"end":{"line":21,"column":21}},{"start":{"line":21,"column":12},"end":{"line":21,"column":21}}]},"10":{"loc":{"start":{"line":25,"column":16},"end":{"line":29,"column":null}},"type":"if","locations":[{"start":{"line":25,"column":16},"end":{"line":29,"column":null}},{"start":{"line":27,"column":23},"end":{"line":29,"column":null}}]},"11":{"loc":{"start":{"line":25,"column":20},"end":{"line":25,"column":73}},"type":"cond-expr","locations":[{"start":{"line":25,"column":52},"end":{"line":25,"column":54}},{"start":{"line":25,"column":52},"end":{"line":25,"column":73}}]},"12":{"loc":{"start":{"line":25,"column":20},"end":{"line":25,"column":54}},"type":"binary-expr","locations":[{"start":{"line":25,"column":20},"end":{"line":25,"column":54}},{"start":{"line":25,"column":52},"end":{"line":25,"column":54}}]},"13":{"loc":{"start":{"line":25,"column":20},"end":{"line":25,"column":52}},"type":"cond-expr","locations":[{"start":{"line":25,"column":27},"end":{"line":25,"column":29}},{"start":{"line":25,"column":20},"end":{"line":25,"column":52}}]},"14":{"loc":{"start":{"line":25,"column":20},"end":{"line":25,"column":29}},"type":"binary-expr","locations":[{"start":{"line":25,"column":20},"end":{"line":25,"column":29}},{"start":{"line":25,"column":20},"end":{"line":25,"column":29}}]}},"s":{"0":1,"1":1,"2":1,"3":0,"4":1,"5":1,"6":0,"7":0,"8":0,"9":0,"10":0,"11":0,"12":0,"13":0,"14":0,"15":0,"16":0,"17":1,"18":1,"19":1,"20":1},"f":{"0":1,"1":1,"2":0,"3":0,"4":0,"5":0,"6":0,"7":0,"8":0,"9":1,"10":1},"b":{"0":[0],"1":[0,1],"2":[1,1],"3":[0,1],"4":[1,1],"5":[0],"6":[0,0],"7":[0,0],"8":[0,0],"9":[0,0],"10":[0,0],"11":[0,0],"12":[0,0],"13":[0,0],"14":[0,0]}}
,"C:\\Users\\tmarn\\Projects\\TsWorkflow\\examples\\workflow5.ts": {"path":"C:\\Users\\tmarn\\Projects\\TsWorkflow\\examples\\workflow5.ts","statementMap":{"0":{"start":{"line":1,"column":0},"end":{"line":1,"column":43}},"1":{"start":{"line":4,"column":0},"end":{"line":4,"column":51}},"2":{"start":{"line":8,"column":8},"end":{"line":8,"column":35}},"3":{"start":{"line":14,"column":8},"end":{"line":14,"column":40}},"4":{"start":{"line":22,"column":11},"end":{"line":22,"column":null}},"5":{"start":{"line":23,"column":11},"end":{"line":23,"column":33}},"6":{"start":{"line":26,"column":8},"end":{"line":30,"column":28}},"7":{"start":{"line":27,"column":21},"end":{"line":27,"column":28}},"8":{"start":{"line":21,"column":0},"end":{"line":21,"column":13}}},"fnMap":{"0":{"name":"(anonymous_0)","decl":{"start":{"line":7,"column":11},"end":{"line":7,"column":14}},"loc":{"start":{"line":7,"column":26},"end":{"line":9,"column":5}}},"1":{"name":"(anonymous_1)","decl":{"start":{"line":13,"column":11},"end":{"line":13,"column":14}},"loc":{"start":{"line":13,"column":28},"end":{"line":15,"column":5}}},"2":{"name":"(anonymous_2)","decl":{"start":{"line":21,"column":0},"end":{"line":21,"column":13}},"loc":{"start":{"line":21,"column":0},"end":{"line":33,"column":1}}},"3":{"name":"(anonymous_3)","decl":{"start":{"line":25,"column":11},"end":{"line":25,"column":16}},"loc":{"start":{"line":25,"column":56},"end":{"line":32,"column":5}}},"4":{"name":"(anonymous_4)","decl":{"start":{"line":27,"column":16},"end":{"line":27,"column":17}},"loc":{"start":{"line":27,"column":21},"end":{"line":27,"column":28}}}},"branchMap":{},"s":{"0":1,"1":1,"2":1,"3":0,"4":1,"5":1,"6":1,"7":1,"8":1},"f":{"0":1,"1":0,"2":1,"3":1,"4":1},"b":{}}
,"C:\\Users\\tmarn\\Projects\\TsWorkflow\\examples\\workflow6.ts": {"path":"C:\\Users\\tmarn\\Projects\\TsWorkflow\\examples\\workflow6.ts","statementMap":{"0":{"start":{"line":1,"column":0},"end":{"line":1,"column":43}},"1":{"start":{"line":5,"column":0},"end":{"line":5,"column":51}},"2":{"start":{"line":9,"column":8},"end":{"line":9,"column":91}},"3":{"start":{"line":9,"column":67},"end":{"line":9,"column":91}},"4":{"start":{"line":11,"column":8},"end":{"line":13,"column":11}},"5":{"start":{"line":12,"column":12},"end":{"line":12,"column":47}},"6":{"start":{"line":20,"column":8},"end":{"line":28,"column":11}},"7":{"start":{"line":21,"column":12},"end":{"line":27,"column":21}},"8":{"start":{"line":22,"column":16},"end":{"line":26,"column":null}},"9":{"start":{"line":23,"column":20},"end":{"line":23,"column":56}},"10":{"start":{"line":25,"column":20},"end":{"line":25,"column":70}},"11":{"start":{"line":34,"column":8},"end":{"line":34,"column":91}},"12":{"start":{"line":34,"column":67},"end":{"line":34,"column":91}},"13":{"start":{"line":36,"column":8},"end":{"line":44,"column":11}},"14":{"start":{"line":37,"column":12},"end":{"line":43,"column":21}},"15":{"start":{"line":38,"column":16},"end":{"line":42,"column":null}},"16":{"start":{"line":39,"column":20},"end":{"line":39,"column":34}},"17":{"start":{"line":41,"column":20},"end":{"line":41,"column":35}},"18":{"start":{"line":49,"column":11},"end":{"line":49,"column":null}},"19":{"start":{"line":50,"column":11},"end":{"line":50,"column":33}},"20":{"start":{"line":53,"column":8},"end":{"line":57,"column":28}},"21":{"start":{"line":48,"column":0},"end":{"line":48,"column":13}}},"fnMap":{"0":{"name":"(anonymous_0)","decl":{"start":{"line":8,"column":11},"end":{"line":8,"column":14}},"loc":{"start":{"line":8,"column":59},"end":{"line":14,"column":5}}},"1":{"name":"(anonymous_1)","decl":{"start":{"line":11,"column":27},"end":{"line":11,"column":28}},"loc":{"start":{"line":11,"column":47},"end":{"line":13,"column":9}}},"2":{"name":"(anonymous_2)","decl":{"start":{"line":19,"column":11},"end":{"line":19,"column":14}},"loc":{"start":{"line":19,"column":35},"end":{"line":29,"column":5}}},"3":{"name":"(anonymous_3)","decl":{"start":{"line":20,"column":27},"end":{"line":20,"column":28}},"loc":{"start":{"line":20,"column":47},"end":{"line":28,"column":9}}},"4":{"name":"(anonymous_4)","decl":{"start":{"line":21,"column":23},"end":{"line":21,"column":26}},"loc":{"start":{"line":21,"column":28},"end":{"line":27,"column":13}}},"5":{"name":"(anonymous_5)","decl":{"start":{"line":33,"column":11},"end":{"line":33,"column":14}},"loc":{"start":{"line":33,"column":61},"end":{"line":45,"column":5}}},"6":{"name":"(anonymous_6)","decl":{"start":{"line":36,"column":27},"end":{"line":36,"column":28}},"loc":{"start":{"line":36,"column":47},"end":{"line":44,"column":9}}},"7":{"name":"(anonymous_7)","decl":{"start":{"line":37,"column":23},"end":{"line":37,"column":26}},"loc":{"start":{"line":37,"column":28},"end":{"line":43,"column":13}}},"8":{"name":"(anonymous_8)","decl":{"start":{"line":48,"column":0},"end":{"line":48,"column":13}},"loc":{"start":{"line":48,"column":0},"end":{"line":59,"column":1}}},"9":{"name":"(anonymous_9)","decl":{"start":{"line":52,"column":11},"end":{"line":52,"column":16}},"loc":{"start":{"line":52,"column":56},"end":{"line":58,"column":5}}}},"branchMap":{"0":{"loc":{"start":{"line":9,"column":8},"end":{"line":9,"column":91}},"type":"if","locations":[{"start":{"line":9,"column":8},"end":{"line":9,"column":91}}]},"1":{"loc":{"start":{"line":9,"column":12},"end":{"line":9,"column":65}},"type":"cond-expr","locations":[{"start":{"line":9,"column":44},"end":{"line":9,"column":46}},{"start":{"line":9,"column":44},"end":{"line":9,"column":65}}]},"2":{"loc":{"start":{"line":9,"column":12},"end":{"line":9,"column":46}},"type":"binary-expr","locations":[{"start":{"line":9,"column":12},"end":{"line":9,"column":46}},{"start":{"line":9,"column":44},"end":{"line":9,"column":46}}]},"3":{"loc":{"start":{"line":9,"column":12},"end":{"line":9,"column":44}},"type":"cond-expr","locations":[{"start":{"line":9,"column":19},"end":{"line":9,"column":21}},{"start":{"line":9,"column":12},"end":{"line":9,"column":44}}]},"4":{"loc":{"start":{"line":9,"column":12},"end":{"line":9,"column":21}},"type":"binary-expr","locations":[{"start":{"line":9,"column":12},"end":{"line":9,"column":21}},{"start":{"line":9,"column":12},"end":{"line":9,"column":21}}]},"5":{"loc":{"start":{"line":22,"column":16},"end":{"line":26,"column":null}},"type":"if","locations":[{"start":{"line":22,"column":16},"end":{"line":26,"column":null}},{"start":{"line":24,"column":23},"end":{"line":26,"column":null}}]},"6":{"loc":{"start":{"line":22,"column":27},"end":{"line":22,"column":39}},"type":"cond-expr","locations":[{"start":{"line":22,"column":32},"end":{"line":22,"column":34}},{"start":{"line":22,"column":27},"end":{"line":22,"column":39}}]},"7":{"loc":{"start":{"line":22,"column":27},"end":{"line":22,"column":34}},"type":"binary-expr","locations":[{"start":{"line":22,"column":27},"end":{"line":22,"column":34}},{"start":{"line":22,"column":27},"end":{"line":22,"column":34}}]},"8":{"loc":{"start":{"line":34,"column":8},"end":{"line":34,"column":91}},"type":"if","locations":[{"start":{"line":34,"column":8},"end":{"line":34,"column":91}}]},"9":{"loc":{"start":{"line":34,"column":12},"end":{"line":34,"column":65}},"type":"cond-expr","locations":[{"start":{"line":34,"column":44},"end":{"line":34,"column":46}},{"start":{"line":34,"column":44},"end":{"line":34,"column":65}}]},"10":{"loc":{"start":{"line":34,"column":12},"end":{"line":34,"column":46}},"type":"binary-expr","locations":[{"start":{"line":34,"column":12},"end":{"line":34,"column":46}},{"start":{"line":34,"column":44},"end":{"line":34,"column":46}}]},"11":{"loc":{"start":{"line":34,"column":12},"end":{"line":34,"column":44}},"type":"cond-expr","locations":[{"start":{"line":34,"column":19},"end":{"line":34,"column":21}},{"start":{"line":34,"column":12},"end":{"line":34,"column":44}}]},"12":{"loc":{"start":{"line":34,"column":12},"end":{"line":34,"column":21}},"type":"binary-expr","locations":[{"start":{"line":34,"column":12},"end":{"line":34,"column":21}},{"start":{"line":34,"column":12},"end":{"line":34,"column":21}}]},"13":{"loc":{"start":{"line":38,"column":16},"end":{"line":42,"column":null}},"type":"if","locations":[{"start":{"line":38,"column":16},"end":{"line":42,"column":null}},{"start":{"line":40,"column":23},"end":{"line":42,"column":null}}]},"14":{"loc":{"start":{"line":38,"column":20},"end":{"line":38,"column":73}},"type":"cond-expr","locations":[{"start":{"line":38,"column":52},"end":{"line":38,"column":54}},{"start":{"line":38,"column":52},"end":{"line":38,"column":73}}]},"15":{"loc":{"start":{"line":38,"column":20},"end":{"line":38,"column":54}},"type":"binary-expr","locations":[{"start":{"line":38,"column":20},"end":{"line":38,"column":54}},{"start":{"line":38,"column":52},"end":{"line":38,"column":54}}]},"16":{"loc":{"start":{"line":38,"column":20},"end":{"line":38,"column":52}},"type":"cond-expr","locations":[{"start":{"line":38,"column":27},"end":{"line":38,"column":29}},{"start":{"line":38,"column":20},"end":{"line":38,"column":52}}]},"17":{"loc":{"start":{"line":38,"column":20},"end":{"line":38,"column":29}},"type":"binary-expr","locations":[{"start":{"line":38,"column":20},"end":{"line":38,"column":29}},{"start":{"line":38,"column":20},"end":{"line":38,"column":29}}]}},"s":{"0":1,"1":1,"2":1,"3":0,"4":1,"5":1,"6":1,"7":1,"8":1,"9":1,"10":0,"11":1,"12":0,"13":1,"14":1,"15":1,"16":0,"17":1,"18":1,"19":1,"20":1,"21":1},"f":{"0":1,"1":1,"2":1,"3":1,"4":1,"5":1,"6":1,"7":1,"8":1,"9":1},"b":{"0":[0],"1":[0,1],"2":[1,1],"3":[0,1],"4":[1,1],"5":[1,0],"6":[0,1],"7":[1,1],"8":[0],"9":[0,1],"10":[1,1],"11":[0,1],"12":[1,1],"13":[0,1],"14":[0,1],"15":[1,1],"16":[0,1],"17":[1,1]}}
,"C:\\Users\\tmarn\\Projects\\TsWorkflow\\src\\CancellationTokenSource.ts": {"path":"C:\\Users\\tmarn\\Projects\\TsWorkflow\\src\\CancellationTokenSource.ts","statementMap":{"0":{"start":{"line":1,"column":15},"end":{"line":1,"column":23}},"1":{"start":{"line":18,"column":12},"end":{"line":18,"column":40}},"2":{"start":{"line":28,"column":8},"end":{"line":30,"column":null}},"3":{"start":{"line":29,"column":12},"end":{"line":29,"column":31}},"4":{"start":{"line":38,"column":8},"end":{"line":38,"column":40}},"5":{"start":{"line":42,"column":8},"end":{"line":42,"column":31}},"6":{"start":{"line":17,"column":0},"end":{"line":17,"column":13}},"7":{"start":{"line":67,"column":8},"end":{"line":67,"column":45}},"8":{"start":{"line":74,"column":8},"end":{"line":74,"column":29}},"9":{"start":{"line":63,"column":0},"end":{"line":63,"column":21}}},"fnMap":{"0":{"name":"(anonymous_0)","decl":{"start":{"line":20,"column":4},"end":{"line":20,"column":null}},"loc":{"start":{"line":20,"column":4},"end":{"line":22,"column":5}}},"1":{"name":"(anonymous_1)","decl":{"start":{"line":27,"column":11},"end":{"line":27,"column":27}},"loc":{"start":{"line":27,"column":27},"end":{"line":31,"column":5}}},"2":{"name":"(anonymous_2)","decl":{"start":{"line":37,"column":11},"end":{"line":37,"column":22}},"loc":{"start":{"line":37,"column":22},"end":{"line":39,"column":5}}},"3":{"name":"(anonymous_3)","decl":{"start":{"line":41,"column":4},"end":{"line":41,"column":5}},"loc":{"start":{"line":41,"column":12},"end":{"line":43,"column":5}}},"4":{"name":"(anonymous_4)","decl":{"start":{"line":66,"column":4},"end":{"line":66,"column":null}},"loc":{"start":{"line":66,"column":4},"end":{"line":68,"column":5}}},"5":{"name":"(anonymous_5)","decl":{"start":{"line":73,"column":11},"end":{"line":73,"column":17}},"loc":{"start":{"line":73,"column":17},"end":{"line":75,"column":5}}}},"branchMap":{"0":{"loc":{"start":{"line":28,"column":8},"end":{"line":30,"column":null}},"type":"if","locations":[{"start":{"line":28,"column":8},"end":{"line":30,"column":null}}]}},"s":{"0":5,"1":10,"2":0,"3":0,"4":30,"5":1,"6":5,"7":10,"8":1,"9":5},"f":{"0":10,"1":0,"2":30,"3":1,"4":10,"5":1},"b":{"0":[0]}}
,"C:\\Users\\tmarn\\Projects\\TsWorkflow\\src\\Workflow.ts": {"path":"C:\\Users\\tmarn\\Projects\\TsWorkflow\\src\\Workflow.ts","statementMap":{"0":{"start":{"line":1,"column":0},"end":{"line":1,"column":64}},"1":{"start":{"line":2,"column":0},"end":{"line":2,"column":70}},"2":{"start":{"line":3,"column":0},"end":{"line":3,"column":52}},"3":{"start":{"line":14,"column":12},"end":{"line":14,"column":71}},"4":{"start":{"line":17,"column":8},"end":{"line":17,"column":85}},"5":{"start":{"line":19,"column":8},"end":{"line":19,"column":78}},"6":{"start":{"line":21,"column":8},"end":{"line":21,"column":34}},"7":{"start":{"line":37,"column":8},"end":{"line":37,"column":161}},"8":{"start":{"line":10,"column":0},"end":{"line":10,"column":22}}},"fnMap":{"0":{"name":"(anonymous_0)","decl":{"start":{"line":16,"column":4},"end":{"line":16,"column":23}},"loc":{"start":{"line":16,"column":40},"end":{"line":22,"column":5}}},"1":{"name":"(anonymous_1)","decl":{"start":{"line":36,"column":11},"end":{"line":36,"column":14}},"loc":{"start":{"line":36,"column":44},"end":{"line":38,"column":5}}}},"branchMap":{"0":{"loc":{"start":{"line":37,"column":15},"end":{"line":37,"column":160}},"type":"cond-expr","locations":[{"start":{"line":37,"column":112},"end":{"line":37,"column":116}},{"start":{"line":37,"column":116},"end":{"line":37,"column":160}}]},"1":{"loc":{"start":{"line":37,"column":15},"end":{"line":37,"column":116}},"type":"binary-expr","locations":[{"start":{"line":37,"column":15},"end":{"line":37,"column":116}},{"start":{"line":37,"column":112},"end":{"line":37,"column":116}}]},"2":{"loc":{"start":{"line":37,"column":15},"end":{"line":37,"column":112}},"type":"cond-expr","locations":[{"start":{"line":37,"column":28},"end":{"line":37,"column":30}},{"start":{"line":37,"column":28},"end":{"line":37,"column":112}}]},"3":{"loc":{"start":{"line":37,"column":15},"end":{"line":37,"column":30}},"type":"binary-expr","locations":[{"start":{"line":37,"column":15},"end":{"line":37,"column":30}},{"start":{"line":37,"column":28},"end":{"line":37,"column":30}}]},"4":{"loc":{"start":{"line":37,"column":34},"end":{"line":37,"column":111}},"type":"cond-expr","locations":[{"start":{"line":37,"column":78},"end":{"line":37,"column":82}},{"start":{"line":37,"column":82},"end":{"line":37,"column":111}}]},"5":{"loc":{"start":{"line":37,"column":34},"end":{"line":37,"column":82}},"type":"binary-expr","locations":[{"start":{"line":37,"column":34},"end":{"line":37,"column":82}},{"start":{"line":37,"column":78},"end":{"line":37,"column":82}}]},"6":{"loc":{"start":{"line":37,"column":34},"end":{"line":37,"column":78}},"type":"cond-expr","locations":[{"start":{"line":37,"column":34},"end":{"line":37,"column":37}},{"start":{"line":37,"column":41},"end":{"line":37,"column":78}}]},"7":{"loc":{"start":{"line":37,"column":34},"end":{"line":37,"column":41}},"type":"binary-expr","locations":[{"start":{"line":37,"column":34},"end":{"line":37,"column":41}},{"start":{"line":37,"column":34},"end":{"line":37,"column":41}}]}},"s":{"0":5,"1":5,"2":5,"3":7,"4":7,"5":7,"6":7,"7":7,"8":5},"f":{"0":7,"1":7},"b":{"0":[7,0],"1":[7,7],"2":[0,7],"3":[7,7],"4":[7,0],"5":[7,7],"6":[3,4],"7":[7,7]}}
,"C:\\Users\\tmarn\\Projects\\TsWorkflow\\src\\WorkflowBuilder.ts": {"path":"C:\\Users\\tmarn\\Projects\\TsWorkflow\\src\\WorkflowBuilder.ts","statementMap":{"0":{"start":{"line":4,"column":0},"end":{"line":4,"column":82}},"1":{"start":{"line":6,"column":0},"end":{"line":6,"column":70}},"2":{"start":{"line":21,"column":12},"end":{"line":21,"column":62}},"3":{"start":{"line":22,"column":12},"end":{"line":22,"column":91}},"4":{"start":{"line":25,"column":8},"end":{"line":25,"column":32}},"5":{"start":{"line":34,"column":25},"end":{"line":34,"column":81}},"6":{"start":{"line":36,"column":8},"end":{"line":36,"column":37}},"7":{"start":{"line":38,"column":8},"end":{"line":38,"column":26}},"8":{"start":{"line":47,"column":8},"end":{"line":73,"column":11}},"9":{"start":{"line":47,"column":53},"end":{"line":73,"column":10}},"10":{"start":{"line":48,"column":23},"end":{"line":48,"column":38}},"11":{"start":{"line":50,"column":12},"end":{"line":52,"column":null}},"12":{"start":{"line":51,"column":16},"end":{"line":51,"column":38}},"13":{"start":{"line":54,"column":44},"end":{"line":54,"column":45}},"14":{"start":{"line":56,"column":12},"end":{"line":58,"column":null}},"15":{"start":{"line":57,"column":16},"end":{"line":57,"column":50}},"16":{"start":{"line":60,"column":12},"end":{"line":66,"column":null}},"17":{"start":{"line":61,"column":16},"end":{"line":65,"column":31}},"18":{"start":{"line":62,"column":20},"end":{"line":62,"column":33}},"19":{"start":{"line":64,"column":20},"end":{"line":64,"column":70}},"20":{"start":{"line":68,"column":12},"end":{"line":72,"column":null}},"21":{"start":{"line":69,"column":16},"end":{"line":69,"column":63}},"22":{"start":{"line":71,"column":16},"end":{"line":71,"column":30}},"23":{"start":{"line":20,"column":0},"end":{"line":20,"column":13}}},"fnMap":{"0":{"name":"(anonymous_7)","decl":{"start":{"line":24,"column":4},"end":{"line":24,"column":23}},"loc":{"start":{"line":24,"column":57},"end":{"line":26,"column":5}}},"1":{"name":"(anonymous_8)","decl":{"start":{"line":33,"column":11},"end":{"line":33,"column":20}},"loc":{"start":{"line":33,"column":94},"end":{"line":39,"column":5}}},"2":{"name":"(anonymous_9)","decl":{"start":{"line":46,"column":11},"end":{"line":46,"column":14}},"loc":{"start":{"line":46,"column":43},"end":{"line":74,"column":5}}},"3":{"name":"(anonymous_10)","decl":{"start":{"line":47,"column":27},"end":{"line":47,"column":34}},"loc":{"start":{"line":47,"column":53},"end":{"line":73,"column":10}}},"4":{"name":"(anonymous_11)","decl":{"start":{"line":47,"column":53},"end":{"line":47,"column":null}},"loc":{"start":{"line":47,"column":53},"end":{"line":73,"column":9}}},"5":{"name":"(anonymous_12)","decl":{"start":{"line":61,"column":27},"end":{"line":61,"column":30}},"loc":{"start":{"line":61,"column":32},"end":{"line":65,"column":17}}}},"branchMap":{"0":{"loc":{"start":{"line":50,"column":19},"end":{"line":50,"column":34}},"type":"cond-expr","locations":[{"start":{"line":50,"column":23},"end":{"line":50,"column":25}},{"start":{"line":50,"column":19},"end":{"line":50,"column":34}}]},"1":{"loc":{"start":{"line":50,"column":19},"end":{"line":50,"column":25}},"type":"binary-expr","locations":[{"start":{"line":50,"column":19},"end":{"line":50,"column":25}},{"start":{"line":50,"column":19},"end":{"line":50,"column":25}}]},"2":{"loc":{"start":{"line":56,"column":12},"end":{"line":58,"column":null}},"type":"if","locations":[{"start":{"line":56,"column":12},"end":{"line":58,"column":null}}]},"3":{"loc":{"start":{"line":60,"column":12},"end":{"line":66,"column":null}},"type":"if","locations":[{"start":{"line":60,"column":12},"end":{"line":66,"column":null}}]},"4":{"loc":{"start":{"line":60,"column":16},"end":{"line":60,"column":52}},"type":"binary-expr","locations":[{"start":{"line":60,"column":16},"end":{"line":60,"column":34}},{"start":{"line":60,"column":38},"end":{"line":60,"column":52}}]},"5":{"loc":{"start":{"line":69,"column":30},"end":{"line":69,"column":61}},"type":"cond-expr","locations":[{"start":{"line":69,"column":45},"end":{"line":69,"column":47}},{"start":{"line":69,"column":45},"end":{"line":69,"column":61}}]},"6":{"loc":{"start":{"line":69,"column":30},"end":{"line":69,"column":47}},"type":"binary-expr","locations":[{"start":{"line":69,"column":30},"end":{"line":69,"column":47}},{"start":{"line":69,"column":45},"end":{"line":69,"column":47}}]}},"s":{"0":5,"1":5,"2":7,"3":7,"4":7,"5":7,"6":7,"7":7,"8":7,"9":7,"10":7,"11":7,"12":17,"13":7,"14":7,"15":7,"16":7,"17":2,"18":1,"19":1,"20":7,"21":7,"22":1,"23":5},"f":{"0":7,"1":7,"2":7,"3":7,"4":7,"5":1},"b":{"0":[0,24],"1":[24,24],"2":[7],"3":[2],"4":[7,2],"5":[0,7],"6":[7,7]}}
,"C:\\Users\\tmarn\\Projects\\TsWorkflow\\src\\WorkflowContext.ts": {"path":"C:\\Users\\tmarn\\Projects\\TsWorkflow\\src\\WorkflowContext.ts","statementMap":{"0":{"start":{"line":17,"column":11},"end":{"line":17,"column":74}},"1":{"start":{"line":20,"column":8},"end":{"line":20,"column":25}},"2":{"start":{"line":21,"column":8},"end":{"line":21,"column":43}},"3":{"start":{"line":14,"column":0},"end":{"line":14,"column":13}}},"fnMap":{"0":{"name":"(anonymous_0)","decl":{"start":{"line":19,"column":4},"end":{"line":19,"column":23}},"loc":{"start":{"line":19,"column":67},"end":{"line":22,"column":5}}}},"branchMap":{},"s":{"0":7,"1":7,"2":7,"3":5},"f":{"0":7},"b":{}}
,"C:\\Users\\tmarn\\Projects\\TsWorkflow\\src\\WorkflowFault.ts": {"path":"C:\\Users\\tmarn\\Projects\\TsWorkflow\\src\\WorkflowFault.ts","statementMap":{"0":{"start":{"line":9,"column":8},"end":{"line":9,"column":27}},"1":{"start":{"line":5,"column":0},"end":{"line":5,"column":13}}},"fnMap":{"0":{"name":"(anonymous_0)","decl":{"start":{"line":8,"column":4},"end":{"line":8,"column":16}},"loc":{"start":{"line":8,"column":26},"end":{"line":10,"column":5}}}},"branchMap":{},"s":{"0":1,"1":5},"f":{"0":1},"b":{}}
,"C:\\Users\\tmarn\\Projects\\TsWorkflow\\src\\WorkflowStep.ts": {"path":"C:\\Users\\tmarn\\Projects\\TsWorkflow\\src\\WorkflowStep.ts","statementMap":{"0":{"start":{"line":7,"column":0},"end":{"line":7,"column":22}}},"fnMap":{},"branchMap":{},"s":{"0":5},"f":{},"b":{}}
,"C:\\Users\\tmarn\\Projects\\TsWorkflow\\src\\WorkflowStepBuilder.ts": {"path":"C:\\Users\\tmarn\\Projects\\TsWorkflow\\src\\WorkflowStepBuilder.ts","statementMap":{"0":{"start":{"line":3,"column":0},"end":{"line":3,"column":48}},"1":{"start":{"line":5,"column":0},"end":{"line":5,"column":68}},"2":{"start":{"line":6,"column":0},"end":{"line":6,"column":109}},"3":{"start":{"line":7,"column":0},"end":{"line":7,"column":97}},"4":{"start":{"line":8,"column":0},"end":{"line":8,"column":106}},"5":{"start":{"line":37,"column":8},"end":{"line":37,"column":23}},"6":{"start":{"line":32,"column":12},"end":{"line":32,"column":89}},"7":{"start":{"line":33,"column":12},"end":{"line":33,"column":90}},"8":{"start":{"line":34,"column":12},"end":{"line":34,"column":88}},"9":{"start":{"line":38,"column":8},"end":{"line":38,"column":26}},"10":{"start":{"line":39,"column":8},"end":{"line":39,"column":26}},"11":{"start":{"line":40,"column":8},"end":{"line":40,"column":32}},"12":{"start":{"line":44,"column":8},"end":{"line":44,"column":77}},"13":{"start":{"line":44,"column":39},"end":{"line":44,"column":77}},"14":{"start":{"line":46,"column":25},"end":{"line":46,"column":111}},"15":{"start":{"line":46,"column":100},"end":{"line":46,"column":110}},"16":{"start":{"line":48,"column":23},"end":{"line":48,"column":86}},"17":{"start":{"line":50,"column":8},"end":{"line":50,"column":30}},"18":{"start":{"line":52,"column":8},"end":{"line":52,"column":31}},"19":{"start":{"line":56,"column":8},"end":{"line":56,"column":20}},"20":{"start":{"line":60,"column":8},"end":{"line":60,"column":44}},"21":{"start":{"line":62,"column":8},"end":{"line":62,"column":20}},"22":{"start":{"line":66,"column":8},"end":{"line":66,"column":79}},"23":{"start":{"line":66,"column":30},"end":{"line":66,"column":79}},"24":{"start":{"line":68,"column":8},"end":{"line":68,"column":37}},"25":{"start":{"line":70,"column":8},"end":{"line":70,"column":20}},"26":{"start":{"line":74,"column":8},"end":{"line":74,"column":86}},"27":{"start":{"line":74,"column":32},"end":{"line":74,"column":86}},"28":{"start":{"line":76,"column":25},"end":{"line":76,"column":127}},"29":{"start":{"line":78,"column":8},"end":{"line":78,"column":32}},"30":{"start":{"line":80,"column":8},"end":{"line":80,"column":26}},"31":{"start":{"line":84,"column":8},"end":{"line":84,"column":39}},"32":{"start":{"line":86,"column":8},"end":{"line":86,"column":20}},"33":{"start":{"line":90,"column":8},"end":{"line":90,"column":65}},"34":{"start":{"line":90,"column":26},"end":{"line":90,"column":65}},"35":{"start":{"line":92,"column":25},"end":{"line":92,"column":81}},"36":{"start":{"line":94,"column":8},"end":{"line":94,"column":32}},"37":{"start":{"line":96,"column":8},"end":{"line":96,"column":26}},"38":{"start":{"line":100,"column":8},"end":{"line":100,"column":65}},"39":{"start":{"line":100,"column":26},"end":{"line":100,"column":65}},"40":{"start":{"line":102,"column":25},"end":{"line":102,"column":86}},"41":{"start":{"line":104,"column":8},"end":{"line":104,"column":32}},"42":{"start":{"line":106,"column":8},"end":{"line":106,"column":26}},"43":{"start":{"line":110,"column":8},"end":{"line":110,"column":34}},"44":{"start":{"line":114,"column":8},"end":{"line":114,"column":46}},"45":{"start":{"line":118,"column":8},"end":{"line":118,"column":26}},"46":{"start":{"line":122,"column":8},"end":{"line":122,"column":29}},"47":{"start":{"line":126,"column":26},"end":{"line":126,"column":30}},"48":{"start":{"line":127,"column":37},"end":{"line":127,"column":79}},"49":{"start":{"line":129,"column":8},"end":{"line":183,"column":11}},"50":{"start":{"line":130,"column":12},"end":{"line":130,"column":87}},"51":{"start":{"line":130,"column":42},"end":{"line":130,"column":87}},"52":{"start":{"line":132,"column":12},"end":{"line":182,"column":null}},"53":{"start":{"line":133,"column":53},"end":{"line":133,"column":57}},"54":{"start":{"line":134,"column":51},"end":{"line":134,"column":55}},"55":{"start":{"line":135,"column":42},"end":{"line":135,"column":63}},"56":{"start":{"line":136,"column":42},"end":{"line":136,"column":47}},"57":{"start":{"line":138,"column":16},"end":{"line":148,"column":null}},"58":{"start":{"line":139,"column":20},"end":{"line":147,"column":43}},"59":{"start":{"line":139,"column":52},"end":{"line":147,"column":23}},"60":{"start":{"line":140,"column":24},"end":{"line":140,"column":42}},"61":{"start":{"line":142,"column":24},"end":{"line":142,"column":37}},"62":{"start":{"line":144,"column":24},"end":{"line":144,"column":63}},"63":{"start":{"line":144,"column":43},"end":{"line":144,"column":63}},"64":{"start":{"line":146,"column":24},"end":{"line":146,"column":47}},"65":{"start":{"line":150,"column":16},"end":{"line":179,"column":41}},"66":{"start":{"line":150,"column":46},"end":{"line":179,"column":19}},"67":{"start":{"line":151,"column":20},"end":{"line":151,"column":66}},"68":{"start":{"line":151,"column":36},"end":{"line":151,"column":66}},"69":{"start":{"line":153,"column":20},"end":{"line":167,"column":null}},"70":{"start":{"line":154,"column":24},"end":{"line":154,"column":76}},"71":{"start":{"line":156,"column":24},"end":{"line":160,"column":null}},"72":{"start":{"line":157,"column":28},"end":{"line":157,"column":58}},"73":{"start":{"line":159,"column":28},"end":{"line":159,"column":71}},"74":{"start":{"line":159,"column":49},"end":{"line":159,"column":71}},"75":{"start":{"line":162,"column":24},"end":{"line":166,"column":null}},"76":{"start":{"line":163,"column":28},"end":{"line":163,"column":106}},"77":{"start":{"line":165,"column":28},"end":{"line":165,"column":49}},"78":{"start":{"line":169,"column":20},"end":{"line":175,"column":null}},"79":{"start":{"line":170,"column":24},"end":{"line":174,"column":null}},"80":{"start":{"line":171,"column":28},"end":{"line":171,"column":76}},"81":{"start":{"line":173,"column":28},"end":{"line":173,"column":49}},"82":{"start":{"line":177,"column":20},"end":{"line":177,"column":36}},"83":{"start":{"line":181,"column":16},"end":{"line":181,"column":30}},"84":{"start":{"line":29,"column":0},"end":{"line":29,"column":13}}},"fnMap":{"0":{"name":"(anonymous_7)","decl":{"start":{"line":36,"column":4},"end":{"line":36,"column":23}},"loc":{"start":{"line":36,"column":178},"end":{"line":41,"column":5}}},"1":{"name":"(anonymous_8)","decl":{"start":{"line":43,"column":11},"end":{"line":43,"column":19}},"loc":{"start":{"line":43,"column":91},"end":{"line":53,"column":5}}},"2":{"name":"(anonymous_9)","decl":{"start":{"line":46,"column":92},"end":{"line":46,"column":96}},"loc":{"start":{"line":46,"column":100},"end":{"line":46,"column":110}}},"3":{"name":"(anonymous_10)","decl":{"start":{"line":55,"column":11},"end":{"line":55,"column":20}},"loc":{"start":{"line":55,"column":20},"end":{"line":57,"column":5}}},"4":{"name":"(anonymous_11)","decl":{"start":{"line":59,"column":11},"end":{"line":59,"column":23}},"loc":{"start":{"line":59,"column":92},"end":{"line":63,"column":5}}},"5":{"name":"(anonymous_12)","decl":{"start":{"line":65,"column":11},"end":{"line":65,"column":18}},"loc":{"start":{"line":65,"column":39},"end":{"line":71,"column":5}}},"6":{"name":"(anonymous_13)","decl":{"start":{"line":73,"column":11},"end":{"line":73,"column":13}},"loc":{"start":{"line":73,"column":54},"end":{"line":81,"column":5}}},"7":{"name":"(anonymous_14)","decl":{"start":{"line":83,"column":11},"end":{"line":83,"column":16}},"loc":{"start":{"line":83,"column":37},"end":{"line":87,"column":5}}},"8":{"name":"(anonymous_15)","decl":{"start":{"line":89,"column":11},"end":{"line":89,"column":15}},"loc":{"start":{"line":89,"column":77},"end":{"line":97,"column":5}}},"9":{"name":"(anonymous_16)","decl":{"start":{"line":99,"column":11},"end":{"line":99,"column":18}},"loc":{"start":{"line":99,"column":75},"end":{"line":107,"column":5}}},"10":{"name":"(anonymous_17)","decl":{"start":{"line":109,"column":11},"end":{"line":109,"column":18}},"loc":{"start":{"line":109,"column":18},"end":{"line":111,"column":5}}},"11":{"name":"(anonymous_18)","decl":{"start":{"line":113,"column":11},"end":{"line":113,"column":26}},"loc":{"start":{"line":113,"column":26},"end":{"line":115,"column":5}}},"12":{"name":"(anonymous_19)","decl":{"start":{"line":117,"column":11},"end":{"line":117,"column":18}},"loc":{"start":{"line":117,"column":18},"end":{"line":119,"column":5}}},"13":{"name":"(anonymous_20)","decl":{"start":{"line":121,"column":11},"end":{"line":121,"column":21}},"loc":{"start":{"line":121,"column":21},"end":{"line":123,"column":5}}},"14":{"name":"(anonymous_21)","decl":{"start":{"line":125,"column":11},"end":{"line":125,"column":14}},"loc":{"start":{"line":125,"column":58},"end":{"line":184,"column":5}}},"15":{"name":"(anonymous_22)","decl":{"start":{"line":129,"column":27},"end":{"line":129,"column":28}},"loc":{"start":{"line":129,"column":47},"end":{"line":183,"column":9}}},"16":{"name":"(anonymous_23)","decl":{"start":{"line":139,"column":41},"end":{"line":139,"column":50}},"loc":{"start":{"line":139,"column":52},"end":{"line":147,"column":23}}},"17":{"name":"(anonymous_24)","decl":{"start":{"line":139,"column":52},"end":{"line":139,"column":null}},"loc":{"start":{"line":139,"column":52},"end":{"line":147,"column":21}}},"18":{"name":"(anonymous_25)","decl":{"start":{"line":150,"column":35},"end":{"line":150,"column":44}},"loc":{"start":{"line":150,"column":46},"end":{"line":179,"column":19}}},"19":{"name":"(anonymous_26)","decl":{"start":{"line":150,"column":46},"end":{"line":150,"column":null}},"loc":{"start":{"line":150,"column":46},"end":{"line":179,"column":17}}}},"branchMap":{"0":{"loc":{"start":{"line":44,"column":8},"end":{"line":44,"column":77}},"type":"if","locations":[{"start":{"line":44,"column":8},"end":{"line":44,"column":77}}]},"1":{"loc":{"start":{"line":66,"column":8},"end":{"line":66,"column":79}},"type":"if","locations":[{"start":{"line":66,"column":8},"end":{"line":66,"column":79}}]},"2":{"loc":{"start":{"line":74,"column":8},"end":{"line":74,"column":86}},"type":"if","locations":[{"start":{"line":74,"column":8},"end":{"line":74,"column":86}}]},"3":{"loc":{"start":{"line":90,"column":8},"end":{"line":90,"column":65}},"type":"if","locations":[{"start":{"line":90,"column":8},"end":{"line":90,"column":65}}]},"4":{"loc":{"start":{"line":100,"column":8},"end":{"line":100,"column":65}},"type":"if","locations":[{"start":{"line":100,"column":8},"end":{"line":100,"column":65}}]},"5":{"loc":{"start":{"line":130,"column":12},"end":{"line":130,"column":87}},"type":"if","locations":[{"start":{"line":130,"column":12},"end":{"line":130,"column":87}}]},"6":{"loc":{"start":{"line":130,"column":16},"end":{"line":130,"column":40}},"type":"cond-expr","locations":[{"start":{"line":130,"column":19},"end":{"line":130,"column":21}},{"start":{"line":130,"column":16},"end":{"line":130,"column":40}}]},"7":{"loc":{"start":{"line":130,"column":16},"end":{"line":130,"column":21}},"type":"binary-expr","locations":[{"start":{"line":130,"column":16},"end":{"line":130,"column":21}},{"start":{"line":130,"column":16},"end":{"line":130,"column":21}}]},"8":{"loc":{"start":{"line":138,"column":16},"end":{"line":148,"column":null}},"type":"if","locations":[{"start":{"line":138,"column":16},"end":{"line":148,"column":null}}]},"9":{"loc":{"start":{"line":144,"column":24},"end":{"line":144,"column":63}},"type":"if","locations":[{"start":{"line":144,"column":24},"end":{"line":144,"column":63}}]},"10":{"loc":{"start":{"line":147,"column":23},"end":{"line":147,"column":41}},"type":"cond-expr","locations":[{"start":{"line":147,"column":36},"end":{"line":147,"column":40}},{"start":{"line":147,"column":40},"end":{"line":147,"column":41}}]},"11":{"loc":{"start":{"line":147,"column":23},"end":{"line":147,"column":40}},"type":"binary-expr","locations":[{"start":{"line":147,"column":23},"end":{"line":147,"column":40}},{"start":{"line":147,"column":36},"end":{"line":147,"column":40}}]},"12":{"loc":{"start":{"line":151,"column":20},"end":{"line":151,"column":66}},"type":"if","locations":[{"start":{"line":151,"column":20},"end":{"line":151,"column":66}}]},"13":{"loc":{"start":{"line":156,"column":24},"end":{"line":160,"column":null}},"type":"if","locations":[{"start":{"line":156,"column":24},"end":{"line":160,"column":null}},{"start":{"line":158,"column":31},"end":{"line":160,"column":null}}]},"14":{"loc":{"start":{"line":159,"column":28},"end":{"line":159,"column":71}},"type":"if","locations":[{"start":{"line":159,"column":28},"end":{"line":159,"column":71}}]},"15":{"loc":{"start":{"line":162,"column":24},"end":{"line":166,"column":null}},"type":"if","locations":[{"start":{"line":162,"column":24},"end":{"line":166,"column":null}},{"start":{"line":164,"column":31},"end":{"line":166,"column":null}}]},"16":{"loc":{"start":{"line":163,"column":37},"end":{"line":163,"column":105}},"type":"cond-expr","locations":[{"start":{"line":163,"column":59},"end":{"line":163,"column":61}},{"start":{"line":163,"column":59},"end":{"line":163,"column":105}}]},"17":{"loc":{"start":{"line":163,"column":37},"end":{"line":163,"column":61}},"type":"binary-expr","locations":[{"start":{"line":163,"column":37},"end":{"line":163,"column":61}},{"start":{"line":163,"column":59},"end":{"line":163,"column":61}}]},"18":{"loc":{"start":{"line":169,"column":20},"end":{"line":175,"column":null}},"type":"if","locations":[{"start":{"line":169,"column":20},"end":{"line":175,"column":null}}]},"19":{"loc":{"start":{"line":171,"column":43},"end":{"line":171,"column":75}},"type":"cond-expr","locations":[{"start":{"line":171,"column":57},"end":{"line":171,"column":59}},{"start":{"line":171,"column":57},"end":{"line":171,"column":75}}]},"20":{"loc":{"start":{"line":171,"column":43},"end":{"line":171,"column":59}},"type":"binary-expr","locations":[{"start":{"line":171,"column":43},"end":{"line":171,"column":59}},{"start":{"line":171,"column":57},"end":{"line":171,"column":59}}]},"21":{"loc":{"start":{"line":179,"column":19},"end":{"line":179,"column":39}},"type":"cond-expr","locations":[{"start":{"line":179,"column":34},"end":{"line":179,"column":38}},{"start":{"line":179,"column":38},"end":{"line":179,"column":39}}]},"22":{"loc":{"start":{"line":179,"column":19},"end":{"line":179,"column":38}},"type":"binary-expr","locations":[{"start":{"line":179,"column":19},"end":{"line":179,"column":38}},{"start":{"line":179,"column":34},"end":{"line":179,"column":38}}]}},"s":{"0":5,"1":5,"2":5,"3":5,"4":5,"5":9,"6":9,"7":9,"8":9,"9":9,"10":9,"11":9,"12":0,"13":0,"14":0,"15":0,"16":0,"17":0,"18":0,"19":1,"20":1,"21":1,"22":3,"23":0,"24":3,"25":3,"26":4,"27":0,"28":4,"29":4,"30":4,"31":0,"32":0,"33":2,"34":0,"35":2,"36":2,"37":2,"38":3,"39":0,"40":3,"41":3,"42":3,"43":17,"44":1,"45":17,"46":0,"47":9,"48":9,"49":9,"50":9,"51":0,"52":9,"53":9,"54":9,"55":9,"56":9,"57":9,"58":3,"59":0,"60":0,"61":0,"62":0,"63":0,"64":0,"65":9,"66":9,"67":9,"68":0,"69":9,"70":9,"71":7,"72":0,"73":7,"74":3,"75":1,"76":1,"77":0,"78":8,"79":8,"80":8,"81":1,"82":7,"83":0,"84":5},"f":{"0":9,"1":0,"2":0,"3":1,"4":1,"5":3,"6":4,"7":0,"8":2,"9":3,"10":17,"11":1,"12":17,"13":0,"14":9,"15":9,"16":0,"17":0,"18":9,"19":9},"b":{"0":[0],"1":[0],"2":[0],"3":[0],"4":[0],"5":[0],"6":[0,9],"7":[9,9],"8":[3],"9":[0],"10":[3,0],"11":[3,3],"12":[0],"13":[0,7],"14":[3],"15":[1,0],"16":[0,1],"17":[1,1],"18":[8],"19":[0,8],"20":[8,8],"21":[9,0],"22":[9,9]}}
,"C:\\Users\\tmarn\\Projects\\TsWorkflow\\src\\WorkflowStepBuilderAggregate.ts": {"path":"C:\\Users\\tmarn\\Projects\\TsWorkflow\\src\\WorkflowStepBuilderAggregate.ts","statementMap":{"0":{"start":{"line":4,"column":0},"end":{"line":4,"column":123}},"1":{"start":{"line":5,"column":0},"end":{"line":5,"column":68}},"2":{"start":{"line":6,"column":0},"end":{"line":6,"column":109}},"3":{"start":{"line":7,"column":0},"end":{"line":7,"column":97}},"4":{"start":{"line":8,"column":0},"end":{"line":8,"column":106}},"5":{"start":{"line":16,"column":8},"end":{"line":16,"column":23}},"6":{"start":{"line":13,"column":12},"end":{"line":13,"column":90}},"7":{"start":{"line":17,"column":8},"end":{"line":17,"column":26}},"8":{"start":{"line":18,"column":8},"end":{"line":18,"column":32}},"9":{"start":{"line":22,"column":8},"end":{"line":22,"column":77}},"10":{"start":{"line":22,"column":39},"end":{"line":22,"column":77}},"11":{"start":{"line":24,"column":25},"end":{"line":24,"column":111}},"12":{"start":{"line":24,"column":100},"end":{"line":24,"column":110}},"13":{"start":{"line":26,"column":23},"end":{"line":26,"column":86}},"14":{"start":{"line":28,"column":8},"end":{"line":28,"column":30}},"15":{"start":{"line":30,"column":8},"end":{"line":30,"column":31}},"16":{"start":{"line":34,"column":8},"end":{"line":34,"column":86}},"17":{"start":{"line":34,"column":32},"end":{"line":34,"column":86}},"18":{"start":{"line":36,"column":25},"end":{"line":36,"column":127}},"19":{"start":{"line":38,"column":8},"end":{"line":38,"column":32}},"20":{"start":{"line":40,"column":8},"end":{"line":40,"column":26}},"21":{"start":{"line":44,"column":8},"end":{"line":44,"column":65}},"22":{"start":{"line":44,"column":26},"end":{"line":44,"column":65}},"23":{"start":{"line":46,"column":25},"end":{"line":46,"column":81}},"24":{"start":{"line":48,"column":8},"end":{"line":48,"column":32}},"25":{"start":{"line":50,"column":8},"end":{"line":50,"column":26}},"26":{"start":{"line":54,"column":8},"end":{"line":54,"column":65}},"27":{"start":{"line":54,"column":26},"end":{"line":54,"column":65}},"28":{"start":{"line":56,"column":25},"end":{"line":56,"column":86}},"29":{"start":{"line":58,"column":8},"end":{"line":58,"column":32}},"30":{"start":{"line":60,"column":8},"end":{"line":60,"column":26}},"31":{"start":{"line":64,"column":8},"end":{"line":64,"column":34}},"32":{"start":{"line":68,"column":8},"end":{"line":68,"column":26}},"33":{"start":{"line":72,"column":8},"end":{"line":72,"column":29}},"34":{"start":{"line":76,"column":8},"end":{"line":76,"column":98}},"35":{"start":{"line":11,"column":0},"end":{"line":11,"column":13}}},"fnMap":{"0":{"name":"(anonymous_0)","decl":{"start":{"line":15,"column":4},"end":{"line":15,"column":23}},"loc":{"start":{"line":15,"column":124},"end":{"line":19,"column":5}}},"1":{"name":"(anonymous_1)","decl":{"start":{"line":21,"column":11},"end":{"line":21,"column":19}},"loc":{"start":{"line":21,"column":91},"end":{"line":31,"column":5}}},"2":{"name":"(anonymous_2)","decl":{"start":{"line":24,"column":92},"end":{"line":24,"column":96}},"loc":{"start":{"line":24,"column":100},"end":{"line":24,"column":110}}},"3":{"name":"(anonymous_3)","decl":{"start":{"line":33,"column":11},"end":{"line":33,"column":13}},"loc":{"start":{"line":33,"column":54},"end":{"line":41,"column":5}}},"4":{"name":"(anonymous_4)","decl":{"start":{"line":43,"column":11},"end":{"line":43,"column":15}},"loc":{"start":{"line":43,"column":77},"end":{"line":51,"column":5}}},"5":{"name":"(anonymous_5)","decl":{"start":{"line":53,"column":11},"end":{"line":53,"column":18}},"loc":{"start":{"line":53,"column":75},"end":{"line":61,"column":5}}},"6":{"name":"(anonymous_6)","decl":{"start":{"line":63,"column":11},"end":{"line":63,"column":18}},"loc":{"start":{"line":63,"column":18},"end":{"line":65,"column":5}}},"7":{"name":"(anonymous_7)","decl":{"start":{"line":67,"column":11},"end":{"line":67,"column":18}},"loc":{"start":{"line":67,"column":18},"end":{"line":69,"column":5}}},"8":{"name":"(anonymous_8)","decl":{"start":{"line":71,"column":11},"end":{"line":71,"column":21}},"loc":{"start":{"line":71,"column":21},"end":{"line":73,"column":5}}},"9":{"name":"(anonymous_9)","decl":{"start":{"line":75,"column":11},"end":{"line":75,"column":14}},"loc":{"start":{"line":75,"column":58},"end":{"line":77,"column":5}}}},"branchMap":{"0":{"loc":{"start":{"line":22,"column":8},"end":{"line":22,"column":77}},"type":"if","locations":[{"start":{"line":22,"column":8},"end":{"line":22,"column":77}}]},"1":{"loc":{"start":{"line":34,"column":8},"end":{"line":34,"column":86}},"type":"if","locations":[{"start":{"line":34,"column":8},"end":{"line":34,"column":86}}]},"2":{"loc":{"start":{"line":44,"column":8},"end":{"line":44,"column":65}},"type":"if","locations":[{"start":{"line":44,"column":8},"end":{"line":44,"column":65}}]},"3":{"loc":{"start":{"line":54,"column":8},"end":{"line":54,"column":65}},"type":"if","locations":[{"start":{"line":54,"column":8},"end":{"line":54,"column":65}}]},"4":{"loc":{"start":{"line":76,"column":15},"end":{"line":76,"column":97}},"type":"cond-expr","locations":[{"start":{"line":76,"column":49},"end":{"line":76,"column":53}},{"start":{"line":76,"column":53},"end":{"line":76,"column":97}}]},"5":{"loc":{"start":{"line":76,"column":15},"end":{"line":76,"column":53}},"type":"binary-expr","locations":[{"start":{"line":76,"column":15},"end":{"line":76,"column":53}},{"start":{"line":76,"column":49},"end":{"line":76,"column":53}}]},"6":{"loc":{"start":{"line":76,"column":15},"end":{"line":76,"column":49}},"type":"cond-expr","locations":[{"start":{"line":76,"column":25},"end":{"line":76,"column":27}},{"start":{"line":76,"column":25},"end":{"line":76,"column":49}}]},"7":{"loc":{"start":{"line":76,"column":15},"end":{"line":76,"column":27}},"type":"binary-expr","locations":[{"start":{"line":76,"column":15},"end":{"line":76,"column":27}},{"start":{"line":76,"column":25},"end":{"line":76,"column":27}}]}},"s":{"0":5,"1":5,"2":5,"3":5,"4":5,"5":4,"6":4,"7":4,"8":4,"9":0,"10":0,"11":0,"12":0,"13":0,"14":0,"15":0,"16":0,"17":0,"18":0,"19":0,"20":0,"21":0,"22":0,"23":0,"24":0,"25":0,"26":4,"27":0,"28":4,"29":4,"30":4,"31":4,"32":4,"33":0,"34":7,"35":5},"f":{"0":4,"1":0,"2":0,"3":0,"4":0,"5":4,"6":4,"7":4,"8":0,"9":7},"b":{"0":[0],"1":[0],"2":[0],"3":[0],"4":[7,0],"5":[7,7],"6":[0,7],"7":[7,7]}}
,"C:\\Users\\tmarn\\Projects\\TsWorkflow\\src\\WorkflowStepBuilderBase.ts": {"path":"C:\\Users\\tmarn\\Projects\\TsWorkflow\\src\\WorkflowStepBuilderBase.ts","statementMap":{"0":{"start":{"line":6,"column":14},"end":{"line":6,"column":64}},"1":{"start":{"line":7,"column":14},"end":{"line":7,"column":37}},"2":{"start":{"line":8,"column":14},"end":{"line":8,"column":45}},"3":{"start":{"line":9,"column":14},"end":{"line":9,"column":56}},"4":{"start":{"line":10,"column":14},"end":{"line":10,"column":45}},"5":{"start":{"line":11,"column":14},"end":{"line":11,"column":78}},"6":{"start":{"line":15,"column":8},"end":{"line":15,"column":32}},"7":{"start":{"line":5,"column":0},"end":{"line":5,"column":22}}},"fnMap":{"0":{"name":"(anonymous_0)","decl":{"start":{"line":13,"column":4},"end":{"line":13,"column":23}},"loc":{"start":{"line":13,"column":64},"end":{"line":16,"column":5}}}},"branchMap":{},"s":{"0":24,"1":24,"2":24,"3":24,"4":24,"5":24,"6":24,"7":5},"f":{"0":24},"b":{}}
,"C:\\Users\\tmarn\\Projects\\TsWorkflow\\src\\WorkflowStepBuilderCondition.ts": {"path":"C:\\Users\\tmarn\\Projects\\TsWorkflow\\src\\WorkflowStepBuilderCondition.ts","statementMap":{"0":{"start":{"line":5,"column":0},"end":{"line":5,"column":78}},"1":{"start":{"line":6,"column":0},"end":{"line":6,"column":68}},"2":{"start":{"line":8,"column":0},"end":{"line":8,"column":null}},"3":{"start":{"line":9,"column":4},"end":{"line":9,"column":null}},"4":{"start":{"line":10,"column":4},"end":{"line":10,"column":null}},"5":{"start":{"line":11,"column":4},"end":{"line":11,"column":null}},"6":{"start":{"line":133,"column":8},"end":{"line":133,"column":23}},"7":{"start":{"line":122,"column":12},"end":{"line":122,"column":37}},"8":{"start":{"line":126,"column":12},"end":{"line":126,"column":91}},"9":{"start":{"line":134,"column":8},"end":{"line":134,"column":26}},"10":{"start":{"line":135,"column":8},"end":{"line":135,"column":32}},"11":{"start":{"line":137,"column":8},"end":{"line":144,"column":11}},"12":{"start":{"line":129,"column":8},"end":{"line":129,"column":49}},"13":{"start":{"line":148,"column":8},"end":{"line":148,"column":36}},"14":{"start":{"line":150,"column":8},"end":{"line":150,"column":20}},"15":{"start":{"line":154,"column":8},"end":{"line":154,"column":45}},"16":{"start":{"line":156,"column":8},"end":{"line":156,"column":20}},"17":{"start":{"line":160,"column":8},"end":{"line":160,"column":43}},"18":{"start":{"line":162,"column":8},"end":{"line":162,"column":20}},"19":{"start":{"line":166,"column":8},"end":{"line":166,"column":65}},"20":{"start":{"line":166,"column":26},"end":{"line":166,"column":65}},"21":{"start":{"line":168,"column":8},"end":{"line":168,"column":40}},"22":{"start":{"line":170,"column":8},"end":{"line":170,"column":20}},"23":{"start":{"line":174,"column":8},"end":{"line":174,"column":75}},"24":{"start":{"line":176,"column":8},"end":{"line":176,"column":26}},"25":{"start":{"line":180,"column":8},"end":{"line":180,"column":86}},"26":{"start":{"line":180,"column":32},"end":{"line":180,"column":86}},"27":{"start":{"line":182,"column":8},"end":{"line":189,"column":11}},"28":{"start":{"line":191,"column":8},"end":{"line":191,"column":20}},"29":{"start":{"line":195,"column":8},"end":{"line":202,"column":11}},"30":{"start":{"line":204,"column":8},"end":{"line":204,"column":20}},"31":{"start":{"line":208,"column":8},"end":{"line":208,"column":34}},"32":{"start":{"line":212,"column":8},"end":{"line":212,"column":26}},"33":{"start":{"line":216,"column":8},"end":{"line":216,"column":29}},"34":{"start":{"line":220,"column":8},"end":{"line":276,"column":11}},"35":{"start":{"line":220,"column":53},"end":{"line":276,"column":10}},"36":{"start":{"line":221,"column":12},"end":{"line":273,"column":null}},"37":{"start":{"line":221,"column":25},"end":{"line":221,"column":26}},"38":{"start":{"line":222,"column":16},"end":{"line":272,"column":null}},"39":{"start":{"line":223,"column":20},"end":{"line":271,"column":null}},"40":{"start":{"line":224,"column":24},"end":{"line":224,"column":87}},"41":{"start":{"line":224,"column":50},"end":{"line":224,"column":87}},"42":{"start":{"line":226,"column":53},"end":{"line":226,"column":103}},"43":{"start":{"line":228,"column":61},"end":{"line":228,"column":65}},"44":{"start":{"line":229,"column":51},"end":{"line":229,"column":55}},"45":{"start":{"line":230,"column":50},"end":{"line":230,"column":80}},"46":{"start":{"line":231,"column":50},"end":{"line":231,"column":55}},"47":{"start":{"line":233,"column":24},"end":{"line":243,"column":null}},"48":{"start":{"line":234,"column":28},"end":{"line":242,"column":59}},"49":{"start":{"line":234,"column":60},"end":{"line":242,"column":31}},"50":{"start":{"line":235,"column":32},"end":{"line":235,"column":50}},"51":{"start":{"line":237,"column":32},"end":{"line":237,"column":45}},"52":{"start":{"line":239,"column":32},"end":{"line":239,"column":71}},"53":{"start":{"line":239,"column":51},"end":{"line":239,"column":71}},"54":{"start":{"line":241,"column":32},"end":{"line":241,"column":55}},"55":{"start":{"line":245,"column":24},"end":{"line":267,"column":null}},"56":{"start":{"line":246,"column":28},"end":{"line":256,"column":57}},"57":{"start":{"line":246,"column":50},"end":{"line":256,"column":31}},"58":{"start":{"line":247,"column":54},"end":{"line":247,"column":116}},"59":{"start":{"line":249,"column":32},"end":{"line":249,"column":78}},"60":{"start":{"line":249,"column":48},"end":{"line":249,"column":78}},"61":{"start":{"line":251,"column":32},"end":{"line":251,"column":71}},"62":{"start":{"line":251,"column":51},"end":{"line":251,"column":71}},"63":{"start":{"line":253,"column":49},"end":{"line":253,"column":88}},"64":{"start":{"line":255,"column":32},"end":{"line":255,"column":52}},"65":{"start":{"line":258,"column":50},"end":{"line":258,"column":112}},"66":{"start":{"line":260,"column":28},"end":{"line":260,"column":74}},"67":{"start":{"line":260,"column":44},"end":{"line":260,"column":74}},"68":{"start":{"line":262,"column":28},"end":{"line":262,"column":67}},"69":{"start":{"line":262,"column":47},"end":{"line":262,"column":67}},"70":{"start":{"line":264,"column":45},"end":{"line":264,"column":84}},"71":{"start":{"line":266,"column":28},"end":{"line":266,"column":48}},"72":{"start":{"line":270,"column":24},"end":{"line":270,"column":53}},"73":{"start":{"line":275,"column":12},"end":{"line":275,"column":50}},"74":{"start":{"line":117,"column":0},"end":{"line":117,"column":13}}},"fnMap":{"0":{"name":"(anonymous_7)","decl":{"start":{"line":8,"column":0},"end":{"line":8,"column":5}},"loc":{"start":{"line":8,"column":18},"end":{"line":12,"column":1}}},"1":{"name":"(anonymous_8)","decl":{"start":{"line":132,"column":4},"end":{"line":132,"column":23}},"loc":{"start":{"line":132,"column":163},"end":{"line":145,"column":5}}},"2":{"name":"(anonymous_9)","decl":{"start":{"line":128,"column":4},"end":{"line":128,"column":8}},"loc":{"start":{"line":128,"column":16},"end":{"line":130,"column":5}}},"3":{"name":"(anonymous_10)","decl":{"start":{"line":147,"column":11},"end":{"line":147,"column":17}},"loc":{"start":{"line":147,"column":17},"end":{"line":151,"column":5}}},"4":{"name":"(anonymous_11)","decl":{"start":{"line":153,"column":11},"end":{"line":153,"column":18}},"loc":{"start":{"line":153,"column":39},"end":{"line":157,"column":5}}},"5":{"name":"(anonymous_12)","decl":{"start":{"line":159,"column":11},"end":{"line":159,"column":16}},"loc":{"start":{"line":159,"column":37},"end":{"line":163,"column":5}}},"6":{"name":"(anonymous_13)","decl":{"start":{"line":165,"column":11},"end":{"line":165,"column":13}},"loc":{"start":{"line":165,"column":74},"end":{"line":171,"column":5}}},"7":{"name":"(anonymous_14)","decl":{"start":{"line":173,"column":11},"end":{"line":173,"column":16}},"loc":{"start":{"line":173,"column":16},"end":{"line":177,"column":5}}},"8":{"name":"(anonymous_15)","decl":{"start":{"line":179,"column":11},"end":{"line":179,"column":17}},"loc":{"start":{"line":179,"column":56},"end":{"line":192,"column":5}}},"9":{"name":"(anonymous_16)","decl":{"start":{"line":194,"column":11},"end":{"line":194,"column":15}},"loc":{"start":{"line":194,"column":15},"end":{"line":205,"column":5}}},"10":{"name":"(anonymous_17)","decl":{"start":{"line":207,"column":11},"end":{"line":207,"column":18}},"loc":{"start":{"line":207,"column":18},"end":{"line":209,"column":5}}},"11":{"name":"(anonymous_18)","decl":{"start":{"line":211,"column":11},"end":{"line":211,"column":18}},"loc":{"start":{"line":211,"column":18},"end":{"line":213,"column":5}}},"12":{"name":"(anonymous_19)","decl":{"start":{"line":215,"column":11},"end":{"line":215,"column":21}},"loc":{"start":{"line":215,"column":21},"end":{"line":217,"column":5}}},"13":{"name":"(anonymous_20)","decl":{"start":{"line":219,"column":11},"end":{"line":219,"column":14}},"loc":{"start":{"line":219,"column":58},"end":{"line":277,"column":5}}},"14":{"name":"(anonymous_21)","decl":{"start":{"line":220,"column":27},"end":{"line":220,"column":34}},"loc":{"start":{"line":220,"column":53},"end":{"line":276,"column":10}}},"15":{"name":"(anonymous_22)","decl":{"start":{"line":220,"column":53},"end":{"line":220,"column":null}},"loc":{"start":{"line":220,"column":53},"end":{"line":276,"column":9}}},"16":{"name":"(anonymous_23)","decl":{"start":{"line":234,"column":49},"end":{"line":234,"column":58}},"loc":{"start":{"line":234,"column":60},"end":{"line":242,"column":31}}},"17":{"name":"(anonymous_24)","decl":{"start":{"line":234,"column":60},"end":{"line":234,"column":null}},"loc":{"start":{"line":234,"column":60},"end":{"line":242,"column":29}}},"18":{"name":"(anonymous_25)","decl":{"start":{"line":246,"column":39},"end":{"line":246,"column":48}},"loc":{"start":{"line":246,"column":50},"end":{"line":256,"column":31}}},"19":{"name":"(anonymous_26)","decl":{"start":{"line":246,"column":50},"end":{"line":246,"column":null}},"loc":{"start":{"line":246,"column":50},"end":{"line":256,"column":29}}}},"branchMap":{"0":{"loc":{"start":{"line":8,"column":5},"end":{"line":8,"column":null}},"type":"binary-expr","locations":[{"start":{"line":8,"column":5},"end":{"line":8,"column":18}},{"start":{"line":8,"column":5},"end":{"line":8,"column":null}}]},"1":{"loc":{"start":{"line":166,"column":8},"end":{"line":166,"column":65}},"type":"if","locations":[{"start":{"line":166,"column":8},"end":{"line":166,"column":65}}]},"2":{"loc":{"start":{"line":180,"column":8},"end":{"line":180,"column":86}},"type":"if","locations":[{"start":{"line":180,"column":8},"end":{"line":180,"column":86}}]},"3":{"loc":{"start":{"line":222,"column":16},"end":{"line":272,"column":null}},"type":"if","locations":[{"start":{"line":222,"column":16},"end":{"line":272,"column":null}
[...]
,"C:\\Users\\tmarn\\Projects\\TsWorkflow\\src\\WorkflowStepBuilderFinal.ts": {"path":"C:\\Users\\tmarn\\Projects\\TsWorkflow\\src\\WorkflowStepBuilderFinal.ts","statementMap":{"0":{"start":{"line":5,"column":0},"end":{"line":5,"column":68}},"1":{"start":{"line":22,"column":8},"end":{"line":22,"column":23}},"2":{"start":{"line":17,"column":12},"end":{"line":17,"column":46}},"3":{"start":{"line":23,"column":8},"end":{"line":23,"column":26}},"4":{"start":{"line":24,"column":8},"end":{"line":24,"column":26}},"5":{"start":{"line":25,"column":8},"end":{"line":25,"column":32}},"6":{"start":{"line":29,"column":8},"end":{"line":29,"column":20}},"7":{"start":{"line":33,"column":8},"end":{"line":33,"column":79}},"8":{"start":{"line":33,"column":30},"end":{"line":33,"column":79}},"9":{"start":{"line":35,"column":8},"end":{"line":35,"column":40}},"10":{"start":{"line":37,"column":8},"end":{"line":37,"column":20}},"11":{"start":{"line":41,"column":8},"end":{"line":41,"column":32}},"12":{"start":{"line":45,"column":8},"end":{"line":45,"column":29}},"13":{"start":{"line":49,"column":8},"end":{"line":49,"column":21}},"14":{"start":{"line":53,"column":8},"end":{"line":53,"column":20}},"15":{"start":{"line":57,"column":8},"end":{"line":68,"column":11}},"16":{"start":{"line":58,"column":12},"end":{"line":58,"column":87}},"17":{"start":{"line":58,"column":42},"end":{"line":58,"column":87}},"18":{"start":{"line":60,"column":12},"end":{"line":67,"column":32}},"19":{"start":{"line":60,"column":34},"end":{"line":67,"column":15}},"20":{"start":{"line":61,"column":16},"end":{"line":65,"column":null}},"21":{"start":{"line":62,"column":20},"end":{"line":62,"column":72}},"22":{"start":{"line":64,"column":20},"end":{"line":64,"column":41}},"23":{"start":{"line":16,"column":0},"end":{"line":16,"column":13}}},"fnMap":{"0":{"name":"(anonymous_7)","decl":{"start":{"line":21,"column":4},"end":{"line":21,"column":23}},"loc":{"start":{"line":21,"column":171},"end":{"line":26,"column":5}}},"1":{"name":"(anonymous_8)","decl":{"start":{"line":28,"column":11},"end":{"line":28,"column":20}},"loc":{"start":{"line":28,"column":20},"end":{"line":30,"column":5}}},"2":{"name":"(anonymous_9)","decl":{"start":{"line":32,"column":11},"end":{"line":32,"column":17}},"loc":{"start":{"line":32,"column":38},"end":{"line":38,"column":5}}},"3":{"name":"(anonymous_10)","decl":{"start":{"line":40,"column":11},"end":{"line":40,"column":24}},"loc":{"start":{"line":40,"column":24},"end":{"line":42,"column":5}}},"4":{"name":"(anonymous_11)","decl":{"start":{"line":44,"column":11},"end":{"line":44,"column":21}},"loc":{"start":{"line":44,"column":21},"end":{"line":46,"column":5}}},"5":{"name":"(anonymous_12)","decl":{"start":{"line":48,"column":11},"end":{"line":48,"column":18}},"loc":{"start":{"line":48,"column":18},"end":{"line":50,"column":5}}},"6":{"name":"(anonymous_13)","decl":{"start":{"line":52,"column":11},"end":{"line":52,"column":18}},"loc":{"start":{"line":52,"column":18},"end":{"line":54,"column":5}}},"7":{"name":"(anonymous_14)","decl":{"start":{"line":56,"column":11},"end":{"line":56,"column":14}},"loc":{"start":{"line":56,"column":58},"end":{"line":69,"column":5}}},"8":{"name":"(anonymous_15)","decl":{"start":{"line":57,"column":27},"end":{"line":57,"column":28}},"loc":{"start":{"line":57,"column":47},"end":{"line":68,"column":9}}},"9":{"name":"(anonymous_16)","decl":{"start":{"line":60,"column":23},"end":{"line":60,"column":32}},"loc":{"start":{"line":60,"column":34},"end":{"line":67,"column":15}}},"10":{"name":"(anonymous_17)","decl":{"start":{"line":60,"column":34},"end":{"line":60,"column":null}},"loc":{"start":{"line":60,"column":34},"end":{"line":67,"column":13}}}},"branchMap":{"0":{"loc":{"start":{"line":33,"column":8},"end":{"line":33,"column":79}},"type":"if","locations":[{"start":{"line":33,"column":8},"end":{"line":33,"column":79}}]},"1":{"loc":{"start":{"line":58,"column":12},"end":{"line":58,"column":87}},"type":"if","locations":[{"start":{"line":58,"column":12},"end":{"line":58,"column":87}}]},"2":{"loc":{"start":{"line":58,"column":16},"end":{"line":58,"column":40}},"type":"cond-expr","locations":[{"start":{"line":58,"column":19},"end":{"line":58,"column":21}},{"start":{"line":58,"column":16},"end":{"line":58,"column":40}}]},"3":{"loc":{"start":{"line":58,"column":16},"end":{"line":58,"column":21}},"type":"binary-expr","locations":[{"start":{"line":58,"column":16},"end":{"line":58,"column":21}},{"start":{"line":58,"column":16},"end":{"line":58,"column":21}}]}},"s":{"0":5,"1":7,"2":7,"3":7,"4":7,"5":7,"6":0,"7":2,"8":0,"9":2,"10":2,"11":7,"12":0,"13":7,"14":0,"15":9,"16":9,"17":0,"18":9,"19":7,"20":7,"21":7,"22":0,"23":5},"f":{"0":7,"1":0,"2":2,"3":7,"4":0,"5":7,"6":0,"7":9,"8":9,"9":7,"10":7},"b":{"0":[0],"1":[0],"2":[0,9],"3":[9,9]}}
,"C:\\Users\\tmarn\\Projects\\TsWorkflow\\src\\WorkflowStepBuilderParallel.ts": {"path":"C:\\Users\\tmarn\\Projects\\TsWorkflow\\src\\WorkflowStepBuilderParallel.ts","statementMap":{"0":{"start":{"line":4,"column":0},"end":{"line":4,"column":82}},"1":{"start":{"line":5,"column":0},"end":{"line":5,"column":68}},"2":{"start":{"line":6,"column":0},"end":{"line":6,"column":109}},"3":{"start":{"line":7,"column":0},"end":{"line":7,"column":97}},"4":{"start":{"line":27,"column":8},"end":{"line":27,"column":23}},"5":{"start":{"line":24,"column":12},"end":{"line":24,"column":90}},"6":{"start":{"line":28,"column":8},"end":{"line":28,"column":28}},"7":{"start":{"line":29,"column":8},"end":{"line":29,"column":26}},"8":{"start":{"line":30,"column":8},"end":{"line":30,"column":32}},"9":{"start":{"line":34,"column":8},"end":{"line":34,"column":77}},"10":{"start":{"line":34,"column":39},"end":{"line":34,"column":77}},"11":{"start":{"line":36,"column":25},"end":{"line":36,"column":111}},"12":{"start":{"line":36,"column":100},"end":{"line":36,"column":110}},"13":{"start":{"line":38,"column":23},"end":{"line":38,"column":86}},"14":{"start":{"line":40,"column":8},"end":{"line":40,"column":30}},"15":{"start":{"line":42,"column":8},"end":{"line":42,"column":31}},"16":{"start":{"line":46,"column":8},"end":{"line":46,"column":79}},"17":{"start":{"line":46,"column":30},"end":{"line":46,"column":79}},"18":{"start":{"line":48,"column":8},"end":{"line":48,"column":37}},"19":{"start":{"line":50,"column":8},"end":{"line":50,"column":20}},"20":{"start":{"line":54,"column":8},"end":{"line":54,"column":81}},"21":{"start":{"line":54,"column":26},"end":{"line":54,"column":81}},"22":{"start":{"line":56,"column":25},"end":{"line":56,"column":119}},"23":{"start":{"line":58,"column":8},"end":{"line":58,"column":32}},"24":{"start":{"line":60,"column":8},"end":{"line":60,"column":26}},"25":{"start":{"line":64,"column":8},"end":{"line":64,"column":39}},"26":{"start":{"line":66,"column":8},"end":{"line":66,"column":20}},"27":{"start":{"line":70,"column":8},"end":{"line":70,"column":65}},"28":{"start":{"line":70,"column":26},"end":{"line":70,"column":65}},"29":{"start":{"line":72,"column":25},"end":{"line":72,"column":81}},"30":{"start":{"line":74,"column":8},"end":{"line":74,"column":32}},"31":{"start":{"line":76,"column":8},"end":{"line":76,"column":26}},"32":{"start":{"line":80,"column":8},"end":{"line":80,"column":65}},"33":{"start":{"line":80,"column":26},"end":{"line":80,"column":65}},"34":{"start":{"line":82,"column":25},"end":{"line":82,"column":86}},"35":{"start":{"line":84,"column":8},"end":{"line":84,"column":32}},"36":{"start":{"line":86,"column":8},"end":{"line":86,"column":26}},"37":{"start":{"line":90,"column":8},"end":{"line":90,"column":34}},"38":{"start":{"line":94,"column":8},"end":{"line":94,"column":26}},"39":{"start":{"line":98,"column":8},"end":{"line":98,"column":29}},"40":{"start":{"line":102,"column":26},"end":{"line":102,"column":30}},"41":{"start":{"line":103,"column":37},"end":{"line":103,"column":79}},"42":{"start":{"line":105,"column":8},"end":{"line":166,"column":11}},"43":{"start":{"line":106,"column":12},"end":{"line":106,"column":87}},"44":{"start":{"line":106,"column":42},"end":{"line":106,"column":87}},"45":{"start":{"line":108,"column":12},"end":{"line":165,"column":null}},"46":{"start":{"line":109,"column":53},"end":{"line":109,"column":57}},"47":{"start":{"line":110,"column":51},"end":{"line":110,"column":55}},"48":{"start":{"line":111,"column":42},"end":{"line":111,"column":63}},"49":{"start":{"line":112,"column":42},"end":{"line":112,"column":47}},"50":{"start":{"line":114,"column":16},"end":{"line":124,"column":null}},"51":{"start":{"line":115,"column":20},"end":{"line":123,"column":43}},"52":{"start":{"line":115,"column":52},"end":{"line":123,"column":23}},"53":{"start":{"line":116,"column":24},"end":{"line":116,"column":42}},"54":{"start":{"line":118,"column":24},"end":{"line":118,"column":37}},"55":{"start":{"line":120,"column":24},"end":{"line":120,"column":63}},"56":{"start":{"line":120,"column":43},"end":{"line":120,"column":63}},"57":{"start":{"line":122,"column":24},"end":{"line":122,"column":47}},"58":{"start":{"line":126,"column":16},"end":{"line":162,"column":36}},"59":{"start":{"line":126,"column":46},"end":{"line":162,"column":19}},"60":{"start":{"line":127,"column":20},"end":{"line":127,"column":66}},"61":{"start":{"line":127,"column":36},"end":{"line":127,"column":66}},"62":{"start":{"line":129,"column":20},"end":{"line":161,"column":null}},"63":{"start":{"line":130,"column":24},"end":{"line":134,"column":null}},"64":{"start":{"line":131,"column":28},"end":{"line":131,"column":106}},"65":{"start":{"line":131,"column":76},"end":{"line":131,"column":103}},"66":{"start":{"line":133,"column":28},"end":{"line":133,"column":49}},"67":{"start":{"line":136,"column":24},"end":{"line":136,"column":70}},"68":{"start":{"line":136,"column":40},"end":{"line":136,"column":70}},"69":{"start":{"line":138,"column":24},"end":{"line":138,"column":67}},"70":{"start":{"line":138,"column":45},"end":{"line":138,"column":67}},"71":{"start":{"line":140,"column":24},"end":{"line":144,"column":null}},"72":{"start":{"line":141,"column":28},"end":{"line":141,"column":76}},"73":{"start":{"line":143,"column":28},"end":{"line":143,"column":42}},"74":{"start":{"line":146,"column":24},"end":{"line":146,"column":70}},"75":{"start":{"line":146,"column":40},"end":{"line":146,"column":70}},"76":{"start":{"line":148,"column":24},"end":{"line":148,"column":40}},"77":{"start":{"line":150,"column":24},"end":{"line":154,"column":null}},"78":{"start":{"line":151,"column":28},"end":{"line":151,"column":106}},"79":{"start":{"line":151,"column":76},"end":{"line":151,"column":103}},"80":{"start":{"line":153,"column":28},"end":{"line":153,"column":42}},"81":{"start":{"line":156,"column":24},"end":{"line":156,"column":70}},"82":{"start":{"line":156,"column":40},"end":{"line":156,"column":70}},"83":{"start":{"line":158,"column":24},"end":{"line":158,"column":67}},"84":{"start":{"line":158,"column":45},"end":{"line":158,"column":67}},"85":{"start":{"line":160,"column":24},"end":{"line":160,"column":40}},"86":{"start":{"line":164,"column":16},"end":{"line":164,"column":30}},"87":{"start":{"line":21,"column":0},"end":{"line":21,"column":13}}},"fnMap":{"0":{"name":"(anonymous_7)","decl":{"start":{"line":26,"column":4},"end":{"line":26,"column":23}},"loc":{"start":{"line":26,"column":168},"end":{"line":31,"column":5}}},"1":{"name":"(anonymous_8)","decl":{"start":{"line":33,"column":11},"end":{"line":33,"column":19}},"loc":{"start":{"line":33,"column":91},"end":{"line":43,"column":5}}},"2":{"name":"(anonymous_9)","decl":{"start":{"line":36,"column":92},"end":{"line":36,"column":96}},"loc":{"start":{"line":36,"column":100},"end":{"line":36,"column":110}}},"3":{"name":"(anonymous_10)","decl":{"start":{"line":45,"column":11},"end":{"line":45,"column":18}},"loc":{"start":{"line":45,"column":39},"end":{"line":51,"column":5}}},"4":{"name":"(anonymous_11)","decl":{"start":{"line":53,"column":11},"end":{"line":53,"column":13}},"loc":{"start":{"line":53,"column":55},"end":{"line":61,"column":5}}},"5":{"name":"(anonymous_12)","decl":{"start":{"line":63,"column":11},"end":{"line":63,"column":16}},"loc":{"start":{"line":63,"column":37},"end":{"line":67,"column":5}}},"6":{"name":"(anonymous_13)","decl":{"start":{"line":69,"column":11},"end":{"line":69,"column":15}},"loc":{"start":{"line":69,"column":77},"end":{"line":77,"column":5}}},"7":{"name":"(anonymous_14)","decl":{"start":{"line":79,"column":11},"end":{"line":79,"column":18}},"loc":{"start":{"line":79,"column":75},"end":{"line":87,"column":5}}},"8":{"name":"(anonymous_15)","decl":{"start":{"line":89,"column":11},"end":{"line":89,"column":18}},"loc":{"start":{"line":89,"column":18},"end":{"line":91,"column":5}}},"9":{"name":"(anonymous_16)","decl":{"start":{"line":93,"column":11},"end":{"line":93,"column":18}},"loc":{"start":{"line":93,"column":18},"end":{"line":95,"column":5}}},"10":{"name":"(anonymous_17)","decl":{"start":{"line":97,"column":11},"end":{"line":97,"column":21}},"loc":{"start":{"line":97,"column":21},"end":{"line":99,"column":5}}},"11":{"name":"(anonymous_18)","decl":{"start":{"line":101,"column":11},"end":{"line":101,"column":14}},"loc":{"start":{"line":101,"column":58},"end":{"line":167,"column":5}}},"12":{"name":"(anonymous_19)","decl":{"start":{"line":105,"column":27},"end":{"line":105,"column":28}},"loc":{"start":{"line":105,"column":47},"end":{"line":166,"column":9}}},"13":{"name":"(anonymous_20)","decl":{"start":{"line":115,"column":41},"end":{"line":115,"column":50}},"loc":{"start":{"line":115,"column":52},"end":{"line":123,"column":23}}},"14":{"name":"(anonymous_21)","decl":{"start":{"line":115,"column":52},"end":{"line":115,"column":null}},"loc":{"start":{"line":115,"column":52},"end":{"line":123,"column":21}}},"15":{"name":"(anonymous_22)","decl":{"start":{"line":126,"column":35},"end":{"line":126,"column":44}},"loc":{"start":{"line":126,"column":46},"end":{"line":162,"column":19}}},"16":{"name":"(anonymous_23)","decl":{"start":{"line":126,"column":46},"end":{"line":126,"column":null}},"loc":{"start":{"line":126,"column":46},"end":{"line":162,"column":17}}},"17":{"name":"(anonymous_24)","decl":{"start":{"line":131,"column":71},"end":{"line":131,"column":72}},"loc":{"start":{"line":131,"column":76},"end":{"line":131,"column":103}}},"18":{"name":"(anonymous_25)","decl":{"start":{"line":151,"column":71},"end":{"line":151,"column":72}},"loc":{"start":{"line":151,"column":76},"end":{"line":151,"column":103}}}},"branchMap":{"0":{"loc":{"start":{"line":34,"column":8},"end":{"line":34,"column":77}},"type":"if","locations":[{"start":{"line":34,"column":8},"end":{"line":34,"column":77}}]},"1":{"loc":{"start":{"line":46,"column":8},"end":{"line":46,"column":79}},"type":"if","locations":[{"start":{"line":46,"column":8},"end":{"line":46,"column":79}}]},"2":{"loc":{"start":{"line":54,"column":8},"end":{"line":54,"column":81}},"type":"if","locations":[{"start":{"line":54,"column":8},"end":{"line":54,"column":81}}]},"3":{"loc":{"start":{"line":70,"column":8},"end":{"line":70,"column":65}},"type":"if","locations":[{"start":{"line":70,"column":8},"end":{"line":70,"column":65}}]},"4":{"loc":{"start":{"line":80,"column":8},"end":{"line":80,"column":65}},"type":"if","locations":[{"start":{"line":80,"column":8},"end":{"line":80,"column":65}}]},"5":{"loc":{"start":{"line":106,"column":12},"end":{"line":106,"column":87}},"type":"if","locations":[{"start":{"line":106,"column":12},"end":{"line":106,"column":87}}]},"6":{"loc":{"start":{"line":106,"column":16},"end":{"line":106,"column":40}},"type":"cond-expr","locations":[{"start":{"line":106,"column":19},"end":{"line":106,"column":21}},{"start":{"line":106,"column":16},"end":{"line":106,"column":40}}]},"7":{"loc":{"start":{"line":106,"column":16},"end":{"line":106,"column":21}},"type":"binary-expr","locations":[{"start":{"line":106,"column":16},"end":{"line":106,"column":21}},{"start":{"line":106,"column":16},"end":{"line":106,"column":21}}]},"8":{"loc":{"start":{"line":114,"column":16},"end":{"line":124,"column":null}},"type":"if","locations":[{"start":{"line":114,"column":16},"end":{"line":124,"column":null}}]},"9":{"loc":{"start":{"line":120,"column":24},"end":{"line":120,"column":63}},"type":"if","locations":[{"start":{"line":120,"column":24},"end":{"line":120,"column":63}}]},"10":{"loc":{"start":{"line":123,"column":23},"end":{"line":123,"column":41}},"type":"cond-expr","locations":[{"start":{"line":123,"column":36},"end":{"line":123,"column":40}},{"start":{"line":123,"column":40},"end":{"line":123,"column":41}}]},"11":{"loc":{"start":{"line":123,"column":23},"end":{"line":123,"column":40}},"type":"binary-expr","locations":[{"start":{"line":123,"column":23},"end":{"line":123,"column":40}},{"start":{"line":123,"column":36},"end":{"line":123,"column":40}}]},"12":{"loc":{"start":{"line":127,"column":20},"end":{"line":127,"column":66}},"type":"if","locations":[{"start":{"line":127,"column":20},"end":{"line":127,"column":66}}]},"13":{"loc":{"start":{"line":129,"column":20},"end":{"line":161,"column":null}},"type":"if","locations":[{"start":{"line":129,"column":20},"end":{"line":161,"column":null}},{"start":{"line":149,"column":27},"end":{"line":161,"column":null}}]},"14":{"loc":{"start":{"line":136,"column":24},"end":{"line":136,"column":70}},"type":"if","locations":[{"start":{"line":136,"column":24},"end":{"line":136,"column":70}}]},"15":{"loc":{"start":{"line":138,"column":24},"end":{"line":138,"column":67}},"type":"if","locations":[{"start":{"line":138,"column":24},"end":{"line":138,"column":67}}]},"16":{"loc":{"start":{"line":141,"column":43},"end":{"line":141,"column":75}},"type":"cond-expr","locations":[{"start":{"line":141,"column":57},"end":{"line":141,"column":59}},{"start":{"line":141,"column":57},"end":{"line":141,"column":75}}]},"17":{"loc":{"start":{"line":141,"column":43},"end":{"line":141,"column":59}},"type":"binary-expr","locations":[{"start":{"line":141,"column":43},"end":{"line":141,"column":59}},{"start":{"line":141,"column":57},"end":{"line":141,"column":59}}]},"18":{"loc":{"start":{"line":146,"column":24},"end":{"line":146,"column":70}},"type":"if","locations":[{"start":{"line":146,"column":24},"end":{"line":146,"column":70}}]},"19":{"loc":{"start":{"line":156,"column":24},"end":{"line":156,"column":70}},"type":"if","locations":[{"start":{"line":156,"column":24},"end":{"line":156,"column":70}}]},"20":{"loc":{"start":{"line":158,"column":24},"end":{"line":158,"column":67}},"type":"if","locations":[{"start":{"line":158,"column":24},"end":{"line":158,"column":67}}]}},"s":{"0":5,"1":5,"2":5,"3":5,"4":0,"5":0,"6":0,"7":0,"8":0,"9":0,"10":0,"11":0,"12":0,"13":0,"14":0,"15":0,"16":0,"17":0,"18":0,"19":0,"20":0,"21":0,"22":0,"23":0,"24":0,"25":0,"26":0,"27":0,"28":0,"29":0,"30":0,"31":0,"32":0,"33":0,"34":0,"35":0,"36":0,"37":0,"38":0,"39":0,"40":0,"41":0,"42":0,"43":0,"44":0,"45":0,"46":0,"47":0,"48":0,"49":0,"50":0,"51":0,"52":0,"53":0,"54":0,"55":0,"56":0,"57":0,"58":0,"59":0,"60":0,"61":0,"62":0,"63":0,"64":0,"65":0,"66":0,"67":0,"68":0,"69":0,"70":0,"71":0,"72":0,"73":0,"74":0,"75":0,"76":0,"77":0,"78":0,"79":0,"80":0,"81":0,"82":0,"83":0,"84":0,"85":0,"86":0,"87":5},"f":{"0":0,"1":0,"2":0,"3":0,"4":0,"5":0,"6":0,"7":0,"8":0,"9":0,"10":0,"11":0,"12":0,"13":0,"14":0,"15":0,"16":0,"17":0,"18":0},"b":{"0":[0],"1":[0],"2":[0],"3":[0],"4":[0],"5":[0],"6":[0,0],"7":[0,0],"8":[0],"9":[0],"10":[0,0],"11":[0,0],"12":[0],"13":[0,0],"14":[0],"15":[0],"16":[0,0],"17":[0,0],"18":[0],"19":[0],"20":[0]}}
}
