{"total": {"lines":{"total":275,"covered":235,"skipped":0,"pct":85.45},"statements":{"total":311,"covered":248,"skipped":0,"pct":79.74},"functions":{"total":127,"covered":111,"skipped":0,"pct":87.4},"branches":{"total":176,"covered":122,"skipped":0,"pct":69.31},"branchesTrue":{"total":0,"covered":0,"skipped":0,"pct":100}}
,"C:\\Users\\tmarn\\Projects\\TsWorkflow\\examples\\Workflow1.ts": {"lines":{"total":36,"covered":33,"skipped":0,"pct":91.66},"functions":{"total":25,"covered":22,"skipped":0,"pct":88},"statements":{"total":36,"covered":33,"skipped":0,"pct":91.66},"branches":{"total":0,"covered":0,"skipped":0,"pct":100}}
,"C:\\Users\\tmarn\\Projects\\TsWorkflow\\examples\\Workflow2.ts": {"lines":{"total":15,"covered":15,"skipped":0,"pct":100},"functions":{"total":12,"covered":12,"skipped":0,"pct":100},"statements":{"total":15,"covered":15,"skipped":0,"pct":100},"branches":{"total":0,"covered":0,"skipped":0,"pct":100}}
,"C:\\Users\\tmarn\\Projects\\TsWorkflow\\examples\\Workflow3.ts": {"lines":{"total":18,"covered":18,"skipped":0,"pct":100},"functions":{"total":16,"covered":16,"skipped":0,"pct":100},"statements":{"total":19,"covered":19,"skipped":0,"pct":100},"branches":{"total":0,"covered":0,"skipped":0,"pct":100}}
,"C:\\Users\\tmarn\\Projects\\TsWorkflow\\src\\CancellationTokenSource.ts": {"lines":{"total":10,"covered":10,"skipped":0,"pct":100},"functions":{"total":6,"covered":6,"skipped":0,"pct":100},"statements":{"total":10,"covered":10,"skipped":0,"pct":100},"branches":{"total":1,"covered":1,"skipped":0,"pct":100}}
,"C:\\Users\\tmarn\\Projects\\TsWorkflow\\src\\Workflow.ts": {"lines":{"total":7,"covered":7,"skipped":0,"pct":100},"functions":{"total":2,"covered":2,"skipped":0,"pct":100},"statements":{"total":7,"covered":7,"skipped":0,"pct":100},"branches":{"total":12,"covered":9,"skipped":0,"pct":75}}
,"C:\\Users\\tmarn\\Projects\\TsWorkflow\\src\\WorkflowBuilder.ts": {"lines":{"total":25,"covered":25,"skipped":0,"pct":100},"functions":{"total":6,"covered":6,"skipped":0,"pct":100},"statements":{"total":28,"covered":27,"skipped":0,"pct":96.42},"branches":{"total":11,"covered":8,"skipped":0,"pct":72.72}}
,"C:\\Users\\tmarn\\Projects\\TsWorkflow\\src\\WorkflowStep.ts": {"lines":{"total":1,"covered":1,"skipped":0,"pct":100},"functions":{"total":0,"covered":0,"skipped":0,"pct":100},"statements":{"total":1,"covered":1,"skipped":0,"pct":100},"branches":{"total":0,"covered":0,"skipped":0,"pct":100}}
,"C:\\Users\\tmarn\\Projects\\TsWorkflow\\src\\executors\\WorkflowExecutor.ts": {"lines":{"total":42,"covered":31,"skipped":0,"pct":73.8},"functions":{"total":12,"covered":9,"skipped":0,"pct":75},"statements":{"total":49,"covered":32,"skipped":0,"pct":65.3},"branches":{"total":34,"covered":22,"skipped":0,"pct":64.7}}
,"C:\\Users\\tmarn\\Projects\\TsWorkflow\\src\\executors\\WorkflowExecutorBase.ts": {"lines":{"total":5,"covered":5,"skipped":0,"pct":100},"functions":{"total":3,"covered":3,"skipped":0,"pct":100},"statements":{"total":5,"covered":5,"skipped":0,"pct":100},"branches":{"total":0,"covered":0,"skipped":0,"pct":100}}
,"C:\\Users\\tmarn\\Projects\\TsWorkflow\\src\\executors\\WorkflowExecutorCondition.ts": {"lines":{"total":45,"covered":38,"skipped":0,"pct":84.44},"functions":{"total":18,"covered":15,"skipped":0,"pct":83.33},"statements":{"total":54,"covered":43,"skipped":0,"pct":79.62},"branches":{"total":52,"covered":34,"skipped":0,"pct":65.38}}
,"C:\\Users\\tmarn\\Projects\\TsWorkflow\\src\\executors\\WorkflowExecutorEnd.ts": {"lines":{"total":15,"covered":12,"skipped":0,"pct":80},"functions":{"total":8,"covered":7,"skipped":0,"pct":87.5},"statements":{"total":17,"covered":13,"skipped":0,"pct":76.47},"branches":{"total":21,"covered":17,"skipped":0,"pct":80.95}}
,"C:\\Users\\tmarn\\Projects\\TsWorkflow\\src\\executors\\WorkflowExecutorMoveNext.ts": {"lines":{"total":12,"covered":10,"skipped":0,"pct":83.33},"functions":{"total":4,"covered":3,"skipped":0,"pct":75},"statements":{"total":15,"covered":10,"skipped":0,"pct":66.66},"branches":{"total":11,"covered":6,"skipped":0,"pct":54.54}}
,"C:\\Users\\tmarn\\Projects\\TsWorkflow\\src\\executors\\WorkflowExecutorParallel.ts": {"lines":{"total":44,"covered":30,"skipped":0,"pct":68.18},"functions":{"total":15,"covered":10,"skipped":0,"pct":66.66},"statements":{"total":55,"covered":33,"skipped":0,"pct":60},"branches":{"total":34,"covered":25,"skipped":0,"pct":73.52}}
}
