TN:
SF:examples\workflow1.ts
FN:7,(anonymous_0)
FN:13,(anonymous_1)
FN:19,(anonymous_2)
FN:25,(anonymous_3)
FN:31,(anonymous_4)
FN:37,(anonymous_5)
FN:45,(anonymous_6)
FN:49,(anonymous_7)
FN:51,(anonymous_8)
FN:53,(anonymous_9)
FN:55,(anonymous_10)
FNF:11
FNH:11
FNDA:3,(anonymous_0)
FNDA:1,(anonymous_1)
FNDA:1,(anonymous_2)
FNDA:1,(anonymous_3)
FNDA:3,(anonymous_4)
FNDA:5,(anonymous_5)
FNDA:3,(anonymous_6)
FNDA:3,(anonymous_7)
FNDA:3,(anonymous_8)
FNDA:3,(anonymous_9)
FNDA:3,(anonymous_10)
DA:1,1
DA:4,1
DA:8,3
DA:14,1
DA:20,1
DA:26,1
DA:32,3
DA:38,5
DA:45,1
DA:46,3
DA:47,3
DA:50,3
DA:51,3
DA:53,3
DA:55,3
LF:15
LH:15
BRDA:8,0,0,3
BRDA:8,0,1,0
BRDA:8,1,0,0
BRDA:8,1,1,3
BRDA:8,2,0,3
BRDA:8,2,1,3
BRDA:8,3,0,0
BRDA:8,3,1,3
BRDA:8,4,0,3
BRDA:8,4,1,3
BRF:10
BRH:7
end_of_record
TN:
SF:examples\workflow2.ts
FN:7,(anonymous_0)
FN:10,(anonymous_1)
FN:11,(anonymous_2)
FN:23,(anonymous_3)
FN:26,(anonymous_4)
FN:27,(anonymous_5)
FN:39,(anonymous_6)
FN:42,(anonymous_7)
FN:43,(anonymous_8)
FN:55,(anonymous_9)
FN:58,(anonymous_10)
FN:59,(anonymous_11)
FN:70,(anonymous_12)
FN:74,(anonymous_13)
FNF:14
FNH:14
FNDA:1,(anonymous_0)
FNDA:1,(anonymous_1)
FNDA:1,(anonymous_2)
FNDA:1,(anonymous_3)
FNDA:1,(anonymous_4)
FNDA:1,(anonymous_5)
FNDA:1,(anonymous_6)
FNDA:1,(anonymous_7)
FNDA:1,(anonymous_8)
FNDA:1,(anonymous_9)
FNDA:1,(anonymous_10)
FNDA:1,(anonymous_11)
FNDA:1,(anonymous_12)
FNDA:1,(anonymous_13)
DA:1,1
DA:4,1
DA:8,1
DA:10,1
DA:11,1
DA:12,1
DA:13,0
DA:15,1
DA:24,1
DA:26,1
DA:27,1
DA:28,1
DA:29,0
DA:31,1
DA:40,1
DA:42,1
DA:43,1
DA:44,1
DA:45,0
DA:47,1
DA:56,1
DA:58,1
DA:59,1
DA:60,1
DA:61,0
DA:63,1
DA:70,1
DA:71,1
DA:72,1
DA:75,1
LF:30
LH:26
BRDA:8,0,0,0
BRDA:8,1,0,0
BRDA:8,1,1,1
BRDA:8,2,0,1
BRDA:8,2,1,1
BRDA:8,3,0,0
BRDA:8,3,1,1
BRDA:8,4,0,1
BRDA:8,4,1,1
BRDA:12,5,0,0
BRDA:12,5,1,1
BRDA:12,6,0,0
BRDA:12,6,1,1
BRDA:12,7,0,1
BRDA:12,7,1,1
BRDA:12,8,0,0
BRDA:12,8,1,1
BRDA:12,9,0,1
BRDA:12,9,1,1
BRDA:24,10,0,0
BRDA:24,11,0,0
BRDA:24,11,1,1
BRDA:24,12,0,1
BRDA:24,12,1,1
BRDA:24,13,0,0
BRDA:24,13,1,1
BRDA:24,14,0,1
BRDA:24,14,1,1
BRDA:28,15,0,0
BRDA:28,15,1,1
BRDA:28,16,0,0
BRDA:28,16,1,1
BRDA:28,17,0,1
BRDA:28,17,1,1
BRDA:28,18,0,0
BRDA:28,18,1,1
BRDA:28,19,0,1
BRDA:28,19,1,1
BRDA:40,20,0,0
BRDA:40,21,0,0
BRDA:40,21,1,1
BRDA:40,22,0,1
BRDA:40,22,1,1
BRDA:40,23,0,0
BRDA:40,23,1,1
BRDA:40,24,0,1
BRDA:40,24,1,1
BRDA:44,25,0,0
BRDA:44,25,1,1
BRDA:44,26,0,0
BRDA:44,26,1,1
BRDA:44,27,0,1
BRDA:44,27,1,1
BRDA:44,28,0,0
BRDA:44,28,1,1
BRDA:44,29,0,1
BRDA:44,29,1,1
BRDA:56,30,0,0
BRDA:56,31,0,0
BRDA:56,31,1,1
BRDA:56,32,0,1
BRDA:56,32,1,1
BRDA:56,33,0,0
BRDA:56,33,1,1
BRDA:56,34,0,1
BRDA:56,34,1,1
BRDA:60,35,0,0
BRDA:60,35,1,1
BRDA:60,36,0,0
BRDA:60,36,1,1
BRDA:60,37,0,1
BRDA:60,37,1,1
BRDA:60,38,0,0
BRDA:60,38,1,1
BRDA:60,39,0,1
BRDA:60,39,1,1
BRF:76
BRH:52
end_of_record
TN:
SF:examples\workflow3.ts
FN:8,(anonymous_0)
FN:11,(anonymous_1)
FN:12,(anonymous_2)
FN:20,(anonymous_3)
FN:23,(anonymous_4)
FN:24,(anonymous_5)
FN:36,(anonymous_6)
FN:37,(anonymous_7)
FN:38,(anonymous_8)
FN:46,(anonymous_9)
FN:50,(anonymous_10)
FNF:11
FNH:4
FNDA:1,(anonymous_0)
FNDA:1,(anonymous_1)
FNDA:0,(anonymous_2)
FNDA:0,(anonymous_3)
FNDA:0,(anonymous_4)
FNDA:0,(anonymous_5)
FNDA:0,(anonymous_6)
FNDA:0,(anonymous_7)
FNDA:0,(anonymous_8)
FNDA:1,(anonymous_9)
FNDA:1,(anonymous_10)
DA:1,1
DA:5,1
DA:9,1
DA:11,1
DA:12,1
DA:13,0
DA:21,0
DA:23,0
DA:24,0
DA:25,0
DA:26,0
DA:28,0
DA:37,0
DA:38,0
DA:39,0
DA:46,1
DA:47,1
DA:48,1
DA:51,1
LF:19
LH:9
BRDA:9,0,0,0
BRDA:9,1,0,0
BRDA:9,1,1,1
BRDA:9,2,0,1
BRDA:9,2,1,1
BRDA:9,3,0,0
BRDA:9,3,1,1
BRDA:9,4,0,1
BRDA:9,4,1,1
BRDA:21,5,0,0
BRDA:21,6,0,0
BRDA:21,6,1,0
BRDA:21,7,0,0
BRDA:21,7,1,0
BRDA:21,8,0,0
BRDA:21,8,1,0
BRDA:21,9,0,0
BRDA:21,9,1,0
BRDA:25,10,0,0
BRDA:25,10,1,0
BRDA:25,11,0,0
BRDA:25,11,1,0
BRDA:25,12,0,0
BRDA:25,12,1,0
BRDA:25,13,0,0
BRDA:25,13,1,0
BRDA:25,14,0,0
BRDA:25,14,1,0
BRF:28
BRH:6
end_of_record
TN:
SF:examples\workflow5.ts
FN:7,(anonymous_0)
FN:13,(anonymous_1)
FN:21,(anonymous_2)
FN:25,(anonymous_3)
FN:27,(anonymous_4)
FNF:5
FNH:4
FNDA:1,(anonymous_0)
FNDA:0,(anonymous_1)
FNDA:1,(anonymous_2)
FNDA:1,(anonymous_3)
FNDA:1,(anonymous_4)
DA:1,1
DA:4,1
DA:8,1
DA:14,0
DA:21,1
DA:22,1
DA:23,1
DA:26,1
DA:27,1
LF:9
LH:8
BRF:0
BRH:0
end_of_record
TN:
SF:examples\workflow6.ts
FN:8,(anonymous_0)
FN:11,(anonymous_1)
FN:19,(anonymous_2)
FN:20,(anonymous_3)
FN:21,(anonymous_4)
FN:33,(anonymous_5)
FN:36,(anonymous_6)
FN:37,(anonymous_7)
FN:48,(anonymous_8)
FN:52,(anonymous_9)
FNF:10
FNH:10
FNDA:1,(anonymous_0)
FNDA:1,(anonymous_1)
FNDA:1,(anonymous_2)
FNDA:1,(anonymous_3)
FNDA:1,(anonymous_4)
FNDA:1,(anonymous_5)
FNDA:1,(anonymous_6)
FNDA:1,(anonymous_7)
FNDA:1,(anonymous_8)
FNDA:1,(anonymous_9)
DA:1,1
DA:5,1
DA:9,1
DA:11,1
DA:12,1
DA:20,1
DA:21,1
DA:22,1
DA:23,1
DA:25,0
DA:34,1
DA:36,1
DA:37,1
DA:38,1
DA:39,0
DA:41,1
DA:48,1
DA:49,1
DA:50,1
DA:53,1
LF:20
LH:18
BRDA:9,0,0,0
BRDA:9,1,0,0
BRDA:9,1,1,1
BRDA:9,2,0,1
BRDA:9,2,1,1
BRDA:9,3,0,0
BRDA:9,3,1,1
BRDA:9,4,0,1
BRDA:9,4,1,1
BRDA:22,5,0,1
BRDA:22,5,1,0
BRDA:22,6,0,0
BRDA:22,6,1,1
BRDA:22,7,0,1
BRDA:22,7,1,1
BRDA:34,8,0,0
BRDA:34,9,0,0
BRDA:34,9,1,1
BRDA:34,10,0,1
BRDA:34,10,1,1
BRDA:34,11,0,0
BRDA:34,11,1,1
BRDA:34,12,0,1
BRDA:34,12,1,1
BRDA:38,13,0,0
BRDA:38,13,1,1
BRDA:38,14,0,0
BRDA:38,14,1,1
BRDA:38,15,0,1
BRDA:38,15,1,1
BRDA:38,16,0,0
BRDA:38,16,1,1
BRDA:38,17,0,1
BRDA:38,17,1,1
BRF:34
BRH:23
end_of_record
TN:
SF:src\CancellationTokenSource.ts
FN:20,(anonymous_0)
FN:27,(anonymous_1)
FN:37,(anonymous_2)
FN:41,(anonymous_3)
FN:66,(anonymous_4)
FN:73,(anonymous_5)
FNF:6
FNH:5
FNDA:10,(anonymous_0)
FNDA:0,(anonymous_1)
FNDA:30,(anonymous_2)
FNDA:1,(anonymous_3)
FNDA:10,(anonymous_4)
FNDA:1,(anonymous_5)
DA:1,5
DA:17,5
DA:18,10
DA:28,0
DA:29,0
DA:38,30
DA:42,1
DA:63,5
DA:67,10
DA:74,1
LF:10
LH:8
BRDA:28,0,0,0
BRF:1
BRH:0
end_of_record
TN:
SF:src\Workflow.ts
FN:16,(anonymous_0)
FN:36,(anonymous_1)
FNF:2
FNH:2
FNDA:7,(anonymous_0)
FNDA:7,(anonymous_1)
DA:1,5
DA:2,5
DA:3,5
DA:10,5
DA:14,7
DA:17,7
DA:19,7
DA:21,7
DA:37,7
LF:9
LH:9
BRDA:37,0,0,7
BRDA:37,0,1,0
BRDA:37,1,0,7
BRDA:37,1,1,7
BRDA:37,2,0,0
BRDA:37,2,1,7
BRDA:37,3,0,7
BRDA:37,3,1,7
BRDA:37,4,0,7
BRDA:37,4,1,0
BRDA:37,5,0,7
BRDA:37,5,1,7
BRDA:37,6,0,3
BRDA:37,6,1,4
BRDA:37,7,0,7
BRDA:37,7,1,7
BRF:16
BRH:13
end_of_record
TN:
SF:src\WorkflowBuilder.ts
FN:24,(anonymous_7)
FN:33,(anonymous_8)
FN:46,(anonymous_9)
FN:47,(anonymous_10)
FN:47,(anonymous_11)
FN:61,(anonymous_12)
FNF:6
FNH:6
FNDA:7,(anonymous_7)
FNDA:7,(anonymous_8)
FNDA:7,(anonymous_9)
FNDA:7,(anonymous_10)
FNDA:7,(anonymous_11)
FNDA:1,(anonymous_12)
DA:4,5
DA:6,5
DA:20,5
DA:21,7
DA:22,7
DA:25,7
DA:34,7
DA:36,7
DA:38,7
DA:47,7
DA:48,7
DA:50,7
DA:51,17
DA:54,7
DA:56,7
DA:57,7
DA:60,7
DA:61,2
DA:62,1
DA:64,1
DA:68,7
DA:69,7
DA:71,1
LF:23
LH:23
BRDA:50,0,0,0
BRDA:50,0,1,24
BRDA:50,1,0,24
BRDA:50,1,1,24
BRDA:56,2,0,7
BRDA:60,3,0,2
BRDA:60,4,0,7
BRDA:60,4,1,2
BRDA:69,5,0,0
BRDA:69,5,1,7
BRDA:69,6,0,7
BRDA:69,6,1,7
BRF:12
BRH:10
end_of_record
TN:
SF:src\WorkflowContext.ts
FN:19,(anonymous_0)
FNF:1
FNH:1
FNDA:7,(anonymous_0)
DA:14,5
DA:17,7
DA:20,7
DA:21,7
LF:4
LH:4
BRF:0
BRH:0
end_of_record
TN:
SF:src\WorkflowFault.ts
FN:8,(anonymous_0)
FNF:1
FNH:1
FNDA:1,(anonymous_0)
DA:5,5
DA:9,1
LF:2
LH:2
BRF:0
BRH:0
end_of_record
TN:
SF:src\WorkflowStep.ts
FNF:0
FNH:0
DA:7,5
LF:1
LH:1
BRF:0
BRH:0
end_of_record
TN:
SF:src\WorkflowStepBuilder.ts
FN:36,(anonymous_7)
FN:43,(anonymous_8)
FN:46,(anonymous_9)
FN:55,(anonymous_10)
FN:59,(anonymous_11)
FN:65,(anonymous_12)
FN:73,(anonymous_13)
FN:83,(anonymous_14)
FN:89,(anonymous_15)
FN:99,(anonymous_16)
FN:109,(anonymous_17)
FN:113,(anonymous_18)
FN:117,(anonymous_19)
FN:121,(anonymous_20)
FN:125,(anonymous_21)
FN:129,(anonymous_22)
FN:139,(anonymous_23)
FN:139,(anonymous_24)
FN:150,(anonymous_25)
FN:150,(anonymous_26)
FNF:20
FNH:14
FNDA:9,(anonymous_7)
FNDA:0,(anonymous_8)
FNDA:0,(anonymous_9)
FNDA:1,(anonymous_10)
FNDA:1,(anonymous_11)
FNDA:3,(anonymous_12)
FNDA:4,(anonymous_13)
FNDA:0,(anonymous_14)
FNDA:2,(anonymous_15)
FNDA:3,(anonymous_16)
FNDA:17,(anonymous_17)
FNDA:1,(anonymous_18)
FNDA:17,(anonymous_19)
FNDA:0,(anonymous_20)
FNDA:9,(anonymous_21)
FNDA:9,(anonymous_22)
FNDA:0,(anonymous_23)
FNDA:0,(anonymous_24)
FNDA:9,(anonymous_25)
FNDA:9,(anonymous_26)
DA:3,5
DA:5,5
DA:6,5
DA:7,5
DA:8,5
DA:29,5
DA:32,9
DA:33,9
DA:34,9
DA:37,9
DA:38,9
DA:39,9
DA:40,9
DA:44,0
DA:46,0
DA:48,0
DA:50,0
DA:52,0
DA:56,1
DA:60,1
DA:62,1
DA:66,3
DA:68,3
DA:70,3
DA:74,4
DA:76,4
DA:78,4
DA:80,4
DA:84,0
DA:86,0
DA:90,2
DA:92,2
DA:94,2
DA:96,2
DA:100,3
DA:102,3
DA:104,3
DA:106,3
DA:110,17
DA:114,1
DA:118,17
DA:122,0
DA:126,9
DA:127,9
DA:129,9
DA:130,9
DA:132,9
DA:133,9
DA:134,9
DA:135,9
DA:136,9
DA:138,9
DA:139,3
DA:140,0
DA:142,0
DA:144,0
DA:146,0
DA:150,9
DA:151,9
DA:153,9
DA:154,9
DA:156,7
DA:157,0
DA:159,7
DA:162,1
DA:163,1
DA:165,0
DA:169,8
DA:170,8
DA:171,8
DA:173,1
DA:177,7
DA:181,0
LF:73
LH:58
BRDA:44,0,0,0
BRDA:66,1,0,0
BRDA:74,2,0,0
BRDA:90,3,0,0
BRDA:100,4,0,0
BRDA:130,5,0,0
BRDA:130,6,0,0
BRDA:130,6,1,9
BRDA:130,7,0,9
BRDA:130,7,1,9
BRDA:138,8,0,3
BRDA:144,9,0,0
BRDA:147,10,0,3
BRDA:147,10,1,0
BRDA:147,11,0,3
BRDA:147,11,1,3
BRDA:151,12,0,0
BRDA:156,13,0,0
BRDA:156,13,1,7
BRDA:159,14,0,3
BRDA:162,15,0,1
BRDA:162,15,1,0
BRDA:163,16,0,0
BRDA:163,16,1,1
BRDA:163,17,0,1
BRDA:163,17,1,1
BRDA:169,18,0,8
BRDA:171,19,0,0
BRDA:171,19,1,8
BRDA:171,20,0,8
BRDA:171,20,1,8
BRDA:179,21,0,9
BRDA:179,21,1,0
BRDA:179,22,0,9
BRDA:179,22,1,9
BRF:35
BRH:20
end_of_record
TN:
SF:src\WorkflowStepBuilderAggregate.ts
FN:15,(anonymous_0)
FN:21,(anonymous_1)
FN:24,(anonymous_2)
FN:33,(anonymous_3)
FN:43,(anonymous_4)
FN:53,(anonymous_5)
FN:63,(anonymous_6)
FN:67,(anonymous_7)
FN:71,(anonymous_8)
FN:75,(anonymous_9)
FNF:10
FNH:5
FNDA:4,(anonymous_0)
FNDA:0,(anonymous_1)
FNDA:0,(anonymous_2)
FNDA:0,(anonymous_3)
FNDA:0,(anonymous_4)
FNDA:4,(anonymous_5)
FNDA:4,(anonymous_6)
FNDA:4,(anonymous_7)
FNDA:0,(anonymous_8)
FNDA:7,(anonymous_9)
DA:4,5
DA:5,5
DA:6,5
DA:7,5
DA:8,5
DA:11,5
DA:13,4
DA:16,4
DA:17,4
DA:18,4
DA:22,0
DA:24,0
DA:26,0
DA:28,0
DA:30,0
DA:34,0
DA:36,0
DA:38,0
DA:40,0
DA:44,0
DA:46,0
DA:48,0
DA:50,0
DA:54,4
DA:56,4
DA:58,4
DA:60,4
DA:64,4
DA:68,4
DA:72,0
DA:76,7
LF:31
LH:17
BRDA:22,0,0,0
BRDA:34,1,0,0
BRDA:44,2,0,0
BRDA:54,3,0,0
BRDA:76,4,0,7
BRDA:76,4,1,0
BRDA:76,5,0,7
BRDA:76,5,1,7
BRDA:76,6,0,0
BRDA:76,6,1,7
BRDA:76,7,0,7
BRDA:76,7,1,7
BRF:12
BRH:6
end_of_record
TN:
SF:src\WorkflowStepBuilderBase.ts
FN:13,(anonymous_0)
FNF:1
FNH:1
FNDA:24,(anonymous_0)
DA:5,5
DA:6,24
DA:7,24
DA:8,24
DA:9,24
DA:10,24
DA:11,24
DA:15,24
LF:8
LH:8
BRF:0
BRH:0
end_of_record
TN:
SF:src\WorkflowStepBuilderCondition.ts
FN:8,(anonymous_7)
FN:132,(anonymous_8)
FN:128,(anonymous_9)
FN:147,(anonymous_10)
FN:153,(anonymous_11)
FN:159,(anonymous_12)
FN:165,(anonymous_13)
FN:173,(anonymous_14)
FN:179,(anonymous_15)
FN:194,(anonymous_16)
FN:207,(anonymous_17)
FN:211,(anonymous_18)
FN:215,(anonymous_19)
FN:219,(anonymous_20)
FN:220,(anonymous_21)
FN:220,(anonymous_22)
FN:234,(anonymous_23)
FN:234,(anonymous_24)
FN:246,(anonymous_25)
FN:246,(anonymous_26)
FNF:20
FNH:13
FNDA:5,(anonymous_7)
FNDA:4,(anonymous_8)
FNDA:13,(anonymous_9)
FNDA:1,(anonymous_10)
FNDA:0,(anonymous_11)
FNDA:0,(anonymous_12)
FNDA:12,(anonymous_13)
FNDA:4,(anonymous_14)
FNDA:6,(anonymous_15)
FNDA:3,(anonymous_16)
FNDA:4,(anonymous_17)
FNDA:11,(anonymous_18)
FNDA:0,(anonymous_19)
FNDA:4,(anonymous_20)
FNDA:4,(anonymous_21)
FNDA:4,(anonymous_22)
FNDA:0,(anonymous_23)
FNDA:0,(anonymous_24)
FNDA:0,(anonymous_25)
FNDA:0,(anonymous_26)
DA:5,5
DA:6,5
DA:8,5
DA:9,5
DA:10,5
DA:11,5
DA:117,5
DA:122,4
DA:126,4
DA:129,13
DA:133,4
DA:134,4
DA:135,4
DA:137,4
DA:148,1
DA:150,1
DA:154,0
DA:156,0
DA:160,0
DA:162,0
DA:166,12
DA:168,12
DA:170,12
DA:174,4
DA:176,4
DA:180,6
DA:182,6
DA:191,6
DA:195,3
DA:204,3
DA:208,4
DA:212,11
DA:216,0
DA:220,4
DA:221,4
DA:222,13
DA:223,7
DA:224,7
DA:226,7
DA:228,7
DA:229,7
DA:230,7
DA:231,7
DA:233,7
DA:234,0
DA:235,0
DA:237,0
DA:239,0
DA:241,0
DA:245,7
DA:246,0
DA:247,0
DA:249,0
DA:251,0
DA:253,0
DA:255,0
DA:258,7
DA:260,7
DA:262,7
DA:264,7
DA:266,5
DA:270,0
DA:275,2
LF:63
LH:46
BRDA:8,0,0,5
BRDA:8,0,1,5
BRDA:166,1,0,0
BRDA:180,2,0,0
BRDA:222,3,0,7
BRDA:222,4,0,13
BRDA:222,4,1,10
BRDA:222,5,0,0
BRDA:222,5,1,10
BRDA:222,6,0,10
BRDA:222,6,1,10
BRDA:224,7,0,1
BRDA:230,8,0,0
BRDA:230,8,1,7
BRDA:230,9,0,7
BRDA:230,9,1,7
BRDA:233,10,0,0
BRDA:239,11,0,0
BRDA:242,12,0,0
BRDA:242,12,1,0
BRDA:242,13,0,0
BRDA:242,13,1,0
BRDA:245,14,0,0
BRDA:245,14,1,7
BRDA:247,15,0,0
BRDA:247,15,1,0
BRDA:247,16,0,0
BRDA:247,16,1,0
BRDA:249,17,0,0
BRDA:251,18,0,0
BRDA:253,19,0,0
BRDA:253,19,1,0
BRDA:253,20,0,0
BRDA:253,20,1,0
BRDA:256,21,0,0
BRDA:256,21,1,0
BRDA:256,22,0,0
BRDA:256,22,1,0
BRDA:258,23,0,1
BRDA:258,23,1,6
BRDA:258,24,0,7
BRDA:258,24,1,6
BRDA:260,25,0,0
BRDA:262,26,0,0
BRDA:264,27,0,0
BRDA:264,27,1,7
BRDA:264,28,0,7
BRDA:264,28,1,7
BRF:48
BRH:20
end_of_record
TN:
SF:src\WorkflowStepBuilderFinal.ts
FN:21,(anonymous_7)
FN:28,(anonymous_8)
FN:32,(anonymous_9)
FN:40,(anonymous_10)
FN:44,(anonymous_11)
FN:48,(anonymous_12)
FN:52,(anonymous_13)
FN:56,(anonymous_14)
FN:57,(anonymous_15)
FN:60,(anonymous_16)
FN:60,(anonymous_17)
FNF:11
FNH:8
FNDA:7,(anonymous_7)
FNDA:0,(anonymous_8)
FNDA:2,(anonymous_9)
FNDA:7,(anonymous_10)
FNDA:0,(anonymous_11)
FNDA:7,(anonymous_12)
FNDA:0,(anonymous_13)
FNDA:9,(anonymous_14)
FNDA:9,(anonymous_15)
FNDA:7,(anonymous_16)
FNDA:7,(anonymous_17)
DA:5,5
DA:16,5
DA:17,7
DA:22,7
DA:23,7
DA:24,7
DA:25,7
DA:29,0
DA:33,2
DA:35,2
DA:37,2
DA:41,7
DA:45,0
DA:49,7
DA:53,0
DA:57,9
DA:58,9
DA:60,9
DA:61,7
DA:62,7
DA:64,0
LF:21
LH:17
BRDA:33,0,0,0
BRDA:58,1,0,0
BRDA:58,2,0,0
BRDA:58,2,1,9
BRDA:58,3,0,9
BRDA:58,3,1,9
BRF:6
BRH:3
end_of_record
TN:
SF:src\WorkflowStepBuilderParallel.ts
FN:26,(anonymous_7)
FN:33,(anonymous_8)
FN:36,(anonymous_9)
FN:45,(anonymous_10)
FN:53,(anonymous_11)
FN:63,(anonymous_12)
FN:69,(anonymous_13)
FN:79,(anonymous_14)
FN:89,(anonymous_15)
FN:93,(anonymous_16)
FN:97,(anonymous_17)
FN:101,(anonymous_18)
FN:105,(anonymous_19)
FN:115,(anonymous_20)
FN:115,(anonymous_21)
FN:126,(anonymous_22)
FN:126,(anonymous_23)
FN:131,(anonymous_24)
FN:151,(anonymous_25)
FNF:19
FNH:0
FNDA:0,(anonymous_7)
FNDA:0,(anonymous_8)
FNDA:0,(anonymous_9)
FNDA:0,(anonymous_10)
FNDA:0,(anonymous_11)
FNDA:0,(anonymous_12)
FNDA:0,(anonymous_13)
FNDA:0,(anonymous_14)
FNDA:0,(anonymous_15)
FNDA:0,(anonymous_16)
FNDA:0,(anonymous_17)
FNDA:0,(anonymous_18)
FNDA:0,(anonymous_19)
FNDA:0,(anonymous_20)
FNDA:0,(anonymous_21)
FNDA:0,(anonymous_22)
FNDA:0,(anonymous_23)
FNDA:0,(anonymous_24)
FNDA:0,(anonymous_25)
DA:4,5
DA:5,5
DA:6,5
DA:7,5
DA:21,5
DA:24,0
DA:27,0
DA:28,0
DA:29,0
DA:30,0
DA:34,0
DA:36,0
DA:38,0
DA:40,0
DA:42,0
DA:46,0
DA:48,0
DA:50,0
DA:54,0
DA:56,0
DA:58,0
DA:60,0
DA:64,0
DA:66,0
DA:70,0
DA:72,0
DA:74,0
DA:76,0
DA:80,0
DA:82,0
DA:84,0
DA:86,0
DA:90,0
DA:94,0
DA:98,0
DA:102,0
DA:103,0
DA:105,0
DA:106,0
DA:108,0
DA:109,0
DA:110,0
DA:111,0
DA:112,0
DA:114,0
DA:115,0
DA:116,0
DA:118,0
DA:120,0
DA:122,0
DA:126,0
DA:127,0
DA:129,0
DA:130,0
DA:131,0
DA:133,0
DA:136,0
DA:138,0
DA:140,0
DA:141,0
DA:143,0
DA:146,0
DA:148,0
DA:150,0
DA:151,0
DA:153,0
DA:156,0
DA:158,0
DA:160,0
DA:164,0
LF:70
LH:5
BRDA:34,0,0,0
BRDA:46,1,0,0
BRDA:54,2,0,0
BRDA:70,3,0,0
BRDA:80,4,0,0
BRDA:106,5,0,0
BRDA:106,6,0,0
BRDA:106,6,1,0
BRDA:106,7,0,0
BRDA:106,7,1,0
BRDA:114,8,0,0
BRDA:120,9,0,0
BRDA:123,10,0,0
BRDA:123,10,1,0
BRDA:123,11,0,0
BRDA:123,11,1,0
BRDA:127,12,0,0
BRDA:129,13,0,0
BRDA:129,13,1,0
BRDA:136,14,0,0
BRDA:138,15,0,0
BRDA:141,16,0,0
BRDA:141,16,1,0
BRDA:141,17,0,0
BRDA:141,17,1,0
BRDA:146,18,0,0
BRDA:156,19,0,0
BRDA:158,20,0,0
BRF:28
BRH:0
end_of_record
